The system is: Linux - 6.2.0-37-generic - x86_64
Compiling the C compiler identification source file "CMakeCCompilerId.c" succeeded.
Compiler: /home/yang/anaconda3/envs/g4/bin/x86_64-conda-linux-gnu-cc 
Build flags: -march=nocona;-mtune=haswell;-ftree-vectorize;-fPIC;-fstack-protector-strong;-fno-plt;-O2;-ffunction-sections;-pipe;-isystem;/home/yang/anaconda3/envs/g4/include
Id flags:  

The output was:
0


Compilation of the C compiler identification source "CMakeCCompilerId.c" produced "a.out"

The C compiler identification is GNU, found in "/home/yang/VM_connection/workspace/B4a/build/CMakeFiles/3.22.1/CompilerIdC/a.out"

Compiling the CXX compiler identification source file "CMakeCXXCompilerId.cpp" succeeded.
Compiler: /home/yang/anaconda3/envs/g4/bin/x86_64-conda-linux-gnu-c++ 
Build flags: -fvisibility-inlines-hidden;-fmessage-length=0;-march=nocona;-mtune=haswell;-ftree-vectorize;-fPIC;-fstack-protector-strong;-fno-plt;-O2;-ffunction-sections;-pipe;-isystem;/home/yang/anaconda3/envs/g4/include
Id flags:  

The output was:
0


Compilation of the CXX compiler identification source "CMakeCXXCompilerId.cpp" produced "a.out"

The CXX compiler identification is GNU, found in "/home/yang/VM_connection/workspace/B4a/build/CMakeFiles/3.22.1/CompilerIdCXX/a.out"

Detecting C compiler ABI info compiled with the following output:
Change Dir: /home/yang/VM_connection/workspace/B4a/build/CMakeFiles/CMakeTmp

Run Build Command(s):/usr/bin/gmake -f Makefile cmTC_38227/fast && /usr/bin/gmake  -f CMakeFiles/cmTC_38227.dir/build.make CMakeFiles/cmTC_38227.dir/build
gmake[1]: Entering directory '/home/yang/VM_connection/workspace/B4a/build/CMakeFiles/CMakeTmp'
Building C object CMakeFiles/cmTC_38227.dir/CMakeCCompilerABI.c.o
/home/yang/anaconda3/envs/g4/bin/x86_64-conda-linux-gnu-cc   -march=nocona -mtune=haswell -ftree-vectorize -fPIC -fstack-protector-strong -fno-plt -O2 -ffunction-sections -pipe -isystem /home/yang/anaconda3/envs/g4/include    -v -o CMakeFiles/cmTC_38227.dir/CMakeCCompilerABI.c.o -c /usr/share/cmake-3.22/Modules/CMakeCCompilerABI.c
Reading specs from /home/yang/anaconda3/envs/g4/bin/../lib/gcc/x86_64-conda-linux-gnu/12.3.0/specs
could not find specs file conda.specs
COLLECT_GCC=/home/yang/anaconda3/envs/g4/bin/x86_64-conda-linux-gnu-cc
Target: x86_64-conda-linux-gnu
Configured with: ../configure --prefix=/home/conda/feedstock_root/build_artifacts/gcc_compilers_1695216551398/_h_env_placehold_placehold_placehold_placehold_placehold_placehold_placehold_placehold_placehold_placehold_placehold_placehold_placehold_placehold_placehold_placehold_placehold_placeho --with-slibdir=/home/conda/feedstock_root/build_artifacts/gcc_compilers_1695216551398/_h_env_placehold_placehold_placehold_placehold_placehold_placehold_placehold_placehold_placehold_placehold_placehold_placehold_placehold_placehold_placehold_placehold_placehold_placeho/lib --libdir=/home/conda/feedstock_root/build_artifacts/gcc_compilers_1695216551398/_h_env_placehold_placehold_placehold_placehold_placehold_placehold_placehold_placehold_placehold_placehold_placehold_placehold_placehold_placehold_placehold_placehold_placehold_placeho/lib --mandir=/home/conda/feedstock_root/build_artifacts/gcc_compilers_1695216551398/_h_env_placehold_placehold_placehold_placehold_placehold_placehold_placehold_placehold_placehold_placehold_placehold_placehold_placehold_placehold_placehold_placehold_placehold_placeho/man --build=x86_64-conda-linux-gnu --host=x86_64-conda-linux-gnu --target=x86_64-conda-linux-gnu --enable-default-pie --enable-languages=c,c++,fortran,objc,obj-c++ --enable-__cxa_atexit --disable-libmudflap --enable-libgomp --disable-libssp --enable-libquadmath --enable-libquadmath-support --enable-libsanitizer --enable-lto --enable-threads=posix --enable-target-optspace --enable-plugin --enable-gold --disable-nls --disable-bootstrap --disable-multilib --enable-long-long --with-sysroot=/home/conda/feedstock_root/build_artifacts/gcc_compilers_1695216551398/_h_env_placehold_placehold_placehold_placehold_placehold_placehold_placehold_placehold_placehold_placehold_placehold_placehold_placehold_placehold_placehold_placehold_placehold_placeho/x86_64-conda-linux-gnu/sysroot --with-build-sysroot=/home/conda/feedstock_root/build_artifacts/gcc_compilers_1695216551398/_build_env/x86_64-conda-linux-gnu/sysroot --with-gxx-include-dir=/home/conda/feedstock_root/build_artifacts/gcc_compilers_1695216551398/_h_env_placehold_placehold_placehold_placehold_placehold_placehold_placehold_placehold_placehold_placehold_placehold_placehold_placehold_placehold_placehold_placehold_placehold_placeho/x86_64-conda-linux-gnu/include/c++/12.3.0 --with-pkgversion='conda-forge gcc 12.3.0-2' --with-bugurl=https://github.com/conda-forge/ctng-compilers-feedstock/issues/new/choose
Thread model: posix
Supported LTO compression algorithms: zlib
gcc version 12.3.0 (conda-forge gcc 12.3.0-2) 
COLLECT_GCC_OPTIONS='-march=nocona' '-mtune=haswell' '-ftree-vectorize' '-fPIC' '-fstack-protector-strong' '-fno-plt' '-O2' '-ffunction-sections' '-pipe' '-isystem' '/home/yang/anaconda3/envs/g4/include' '-v' '-o' 'CMakeFiles/cmTC_38227.dir/CMakeCCompilerABI.c.o' '-c' '-dumpdir' 'CMakeFiles/cmTC_38227.dir/'
 /home/yang/anaconda3/envs/g4/bin/../libexec/gcc/x86_64-conda-linux-gnu/12.3.0/cc1 -quiet -v -iprefix /home/yang/anaconda3/envs/g4/bin/../lib/gcc/x86_64-conda-linux-gnu/12.3.0/ -isysroot /home/yang/anaconda3/envs/g4/bin/../x86_64-conda-linux-gnu/sysroot -isystem /home/yang/anaconda3/envs/g4/include /usr/share/cmake-3.22/Modules/CMakeCCompilerABI.c -quiet -dumpdir CMakeFiles/cmTC_38227.dir/ -dumpbase CMakeCCompilerABI.c.c -dumpbase-ext .c -march=nocona -mtune=haswell -O2 -version -ftree-vectorize -fPIC -fstack-protector-strong -fno-plt -ffunction-sections -o - |
 /home/yang/anaconda3/envs/g4/bin/../lib/gcc/x86_64-conda-linux-gnu/12.3.0/../../../../x86_64-conda-linux-gnu/bin/as -v --64 -o CMakeFiles/cmTC_38227.dir/CMakeCCompilerABI.c.o
GNU assembler version 2.40 (x86_64-conda-linux-gnu) using BFD version (GNU Binutils) 2.40
GNU C17 (conda-forge gcc 12.3.0-2) version 12.3.0 (x86_64-conda-linux-gnu)
	compiled by GNU C version 12.3.0, GMP version 6.2.1, MPFR version 4.1.0, MPC version 1.2.1, isl version isl-0.24-GMP

GGC heuristics: --param ggc-min-expand=100 --param ggc-min-heapsize=131072
ignoring duplicate directory "/home/yang/anaconda3/envs/g4/bin/../lib/gcc/../../lib/gcc/x86_64-conda-linux-gnu/12.3.0/include"
ignoring nonexistent directory "/home/yang/anaconda3/envs/g4/bin/../x86_64-conda-linux-gnu/sysroot/usr/local/include"
ignoring duplicate directory "/home/yang/anaconda3/envs/g4/bin/../lib/gcc/../../lib/gcc/x86_64-conda-linux-gnu/12.3.0/include-fixed"
ignoring duplicate directory "/home/yang/anaconda3/envs/g4/bin/../lib/gcc/../../lib/gcc/x86_64-conda-linux-gnu/12.3.0/../../../../x86_64-conda-linux-gnu/include"
#include "..." search starts here:
#include <...> search starts here:
 /home/yang/anaconda3/envs/g4/include
 /home/yang/anaconda3/envs/g4/bin/../lib/gcc/x86_64-conda-linux-gnu/12.3.0/include
 /home/yang/anaconda3/envs/g4/bin/../lib/gcc/x86_64-conda-linux-gnu/12.3.0/include-fixed
 /home/yang/anaconda3/envs/g4/bin/../lib/gcc/x86_64-conda-linux-gnu/12.3.0/../../../../x86_64-conda-linux-gnu/include
 /home/yang/anaconda3/envs/g4/bin/../x86_64-conda-linux-gnu/sysroot/usr/include
End of search list.
GNU C17 (conda-forge gcc 12.3.0-2) version 12.3.0 (x86_64-conda-linux-gnu)
	compiled by GNU C version 12.3.0, GMP version 6.2.1, MPFR version 4.1.0, MPC version 1.2.1, isl version isl-0.24-GMP

GGC heuristics: --param ggc-min-expand=100 --param ggc-min-heapsize=131072
Compiler executable checksum: 7c59b8e930294fbdeb0e1e5ea99e880f
COMPILER_PATH=/home/yang/anaconda3/envs/g4/bin/../libexec/gcc/x86_64-conda-linux-gnu/12.3.0/:/home/yang/anaconda3/envs/g4/bin/../libexec/gcc/:/home/yang/anaconda3/envs/g4/bin/../lib/gcc/x86_64-conda-linux-gnu/12.3.0/../../../../x86_64-conda-linux-gnu/bin/
LIBRARY_PATH=/home/yang/anaconda3/envs/g4/bin/../lib/gcc/x86_64-conda-linux-gnu/12.3.0/:/home/yang/anaconda3/envs/g4/bin/../lib/gcc/:/home/yang/anaconda3/envs/g4/bin/../lib/gcc/x86_64-conda-linux-gnu/12.3.0/../../../../x86_64-conda-linux-gnu/lib/../lib/:/home/yang/anaconda3/envs/g4/bin/../lib/gcc/x86_64-conda-linux-gnu/12.3.0/../../../../lib/:/home/yang/anaconda3/envs/g4/bin/../x86_64-conda-linux-gnu/sysroot/lib/../lib/:/home/yang/anaconda3/envs/g4/bin/../x86_64-conda-linux-gnu/sysroot/usr/lib/../lib/:/home/yang/anaconda3/envs/g4/bin/../lib/gcc/x86_64-conda-linux-gnu/12.3.0/../../../../x86_64-conda-linux-gnu/lib/:/home/yang/anaconda3/envs/g4/bin/../lib/gcc/x86_64-conda-linux-gnu/12.3.0/../../../:/home/yang/anaconda3/envs/g4/bin/../x86_64-conda-linux-gnu/sysroot/lib/:/home/yang/anaconda3/envs/g4/bin/../x86_64-conda-linux-gnu/sysroot/usr/lib/
COLLECT_GCC_OPTIONS='-march=nocona' '-mtune=haswell' '-ftree-vectorize' '-fPIC' '-fstack-protector-strong' '-fno-plt' '-O2' '-ffunction-sections' '-pipe' '-isystem' '/home/yang/anaconda3/envs/g4/include' '-v' '-o' 'CMakeFiles/cmTC_38227.dir/CMakeCCompilerABI.c.o' '-c' '-dumpdir' 'CMakeFiles/cmTC_38227.dir/CMakeCCompilerABI.c.'
Linking C executable cmTC_38227
/usr/bin/cmake -E cmake_link_script CMakeFiles/cmTC_38227.dir/link.txt --verbose=1
/home/yang/anaconda3/envs/g4/bin/x86_64-conda-linux-gnu-cc -march=nocona -mtune=haswell -ftree-vectorize -fPIC -fstack-protector-strong -fno-plt -O2 -ffunction-sections -pipe -isystem /home/yang/anaconda3/envs/g4/include  -Wl,-O2 -Wl,--sort-common -Wl,--as-needed -Wl,-z,relro -Wl,-z,now -Wl,--disable-new-dtags -Wl,--gc-sections -Wl,--allow-shlib-undefined -Wl,-rpath,/home/yang/anaconda3/envs/g4/lib -Wl,-rpath-link,/home/yang/anaconda3/envs/g4/lib -L/home/yang/anaconda3/envs/g4/lib -v CMakeFiles/cmTC_38227.dir/CMakeCCompilerABI.c.o -o cmTC_38227 
Reading specs from /home/yang/anaconda3/envs/g4/bin/../lib/gcc/x86_64-conda-linux-gnu/12.3.0/specs
could not find specs file conda.specs
COLLECT_GCC=/home/yang/anaconda3/envs/g4/bin/x86_64-conda-linux-gnu-cc
COLLECT_LTO_WRAPPER=/home/yang/anaconda3/envs/g4/bin/../libexec/gcc/x86_64-conda-linux-gnu/12.3.0/lto-wrapper
Target: x86_64-conda-linux-gnu
Configured with: ../configure --prefix=/home/conda/feedstock_root/build_artifacts/gcc_compilers_1695216551398/_h_env_placehold_placehold_placehold_placehold_placehold_placehold_placehold_placehold_placehold_placehold_placehold_placehold_placehold_placehold_placehold_placehold_placehold_placeho --with-slibdir=/home/conda/feedstock_root/build_artifacts/gcc_compilers_1695216551398/_h_env_placehold_placehold_placehold_placehold_placehold_placehold_placehold_placehold_placehold_placehold_placehold_placehold_placehold_placehold_placehold_placehold_placehold_placeho/lib --libdir=/home/conda/feedstock_root/build_artifacts/gcc_compilers_1695216551398/_h_env_placehold_placehold_placehold_placehold_placehold_placehold_placehold_placehold_placehold_placehold_placehold_placehold_placehold_placehold_placehold_placehold_placehold_placeho/lib --mandir=/home/conda/feedstock_root/build_artifacts/gcc_compilers_1695216551398/_h_env_placehold_placehold_placehold_placehold_placehold_placehold_placehold_placehold_placehold_placehold_placehold_placehold_placehold_placehold_placehold_placehold_placehold_placeho/man --build=x86_64-conda-linux-gnu --host=x86_64-conda-linux-gnu --target=x86_64-conda-linux-gnu --enable-default-pie --enable-languages=c,c++,fortran,objc,obj-c++ --enable-__cxa_atexit --disable-libmudflap --enable-libgomp --disable-libssp --enable-libquadmath --enable-libquadmath-support --enable-libsanitizer --enable-lto --enable-threads=posix --enable-target-optspace --enable-plugin --enable-gold --disable-nls --disable-bootstrap --disable-multilib --enable-long-long --with-sysroot=/home/conda/feedstock_root/build_artifacts/gcc_compilers_1695216551398/_h_env_placehold_placehold_placehold_placehold_placehold_placehold_placehold_placehold_placehold_placehold_placehold_placehold_placehold_placehold_placehold_placehold_placehold_placeho/x86_64-conda-linux-gnu/sysroot --with-build-sysroot=/home/conda/feedstock_root/build_artifacts/gcc_compilers_1695216551398/_build_env/x86_64-conda-linux-gnu/sysroot --with-gxx-include-dir=/home/conda/feedstock_root/build_artifacts/gcc_compilers_1695216551398/_h_env_placehold_placehold_placehold_placehold_placehold_placehold_placehold_placehold_placehold_placehold_placehold_placehold_placehold_placehold_placehold_placehold_placehold_placeho/x86_64-conda-linux-gnu/include/c++/12.3.0 --with-pkgversion='conda-forge gcc 12.3.0-2' --with-bugurl=https://github.com/conda-forge/ctng-compilers-feedstock/issues/new/choose
Thread model: posix
Supported LTO compression algorithms: zlib
gcc version 12.3.0 (conda-forge gcc 12.3.0-2) 
COMPILER_PATH=/home/yang/anaconda3/envs/g4/bin/../libexec/gcc/x86_64-conda-linux-gnu/12.3.0/:/home/yang/anaconda3/envs/g4/bin/../libexec/gcc/:/home/yang/anaconda3/envs/g4/bin/../lib/gcc/x86_64-conda-linux-gnu/12.3.0/../../../../x86_64-conda-linux-gnu/bin/
LIBRARY_PATH=/home/yang/anaconda3/envs/g4/bin/../lib/gcc/x86_64-conda-linux-gnu/12.3.0/:/home/yang/anaconda3/envs/g4/bin/../lib/gcc/:/home/yang/anaconda3/envs/g4/bin/../lib/gcc/x86_64-conda-linux-gnu/12.3.0/../../../../x86_64-conda-linux-gnu/lib/../lib/:/home/yang/anaconda3/envs/g4/bin/../lib/gcc/x86_64-conda-linux-gnu/12.3.0/../../../../lib/:/home/yang/anaconda3/envs/g4/bin/../x86_64-conda-linux-gnu/sysroot/lib/../lib/:/home/yang/anaconda3/envs/g4/bin/../x86_64-conda-linux-gnu/sysroot/usr/lib/../lib/:/home/yang/anaconda3/envs/g4/bin/../lib/gcc/x86_64-conda-linux-gnu/12.3.0/../../../../x86_64-conda-linux-gnu/lib/:/home/yang/anaconda3/envs/g4/bin/../lib/gcc/x86_64-conda-linux-gnu/12.3.0/../../../:/home/yang/anaconda3/envs/g4/bin/../x86_64-conda-linux-gnu/sysroot/lib/:/home/yang/anaconda3/envs/g4/bin/../x86_64-conda-linux-gnu/sysroot/usr/lib/
COLLECT_GCC_OPTIONS='-march=nocona' '-mtune=haswell' '-ftree-vectorize' '-fPIC' '-fstack-protector-strong' '-fno-plt' '-O2' '-ffunction-sections' '-pipe' '-isystem' '/home/yang/anaconda3/envs/g4/include' '-L/home/yang/anaconda3/envs/g4/lib' '-v' '-o' 'cmTC_38227' '-dumpdir' 'cmTC_38227.'
 /home/yang/anaconda3/envs/g4/bin/../libexec/gcc/x86_64-conda-linux-gnu/12.3.0/collect2 -plugin /home/yang/anaconda3/envs/g4/bin/../libexec/gcc/x86_64-conda-linux-gnu/12.3.0/liblto_plugin.so -plugin-opt=/home/yang/anaconda3/envs/g4/bin/../libexec/gcc/x86_64-conda-linux-gnu/12.3.0/lto-wrapper -plugin-opt=-fresolution=/tmp/ccQgob5p.res -plugin-opt=-pass-through=-lgcc -plugin-opt=-pass-through=-lgcc_s -plugin-opt=-pass-through=-lc -plugin-opt=-pass-through=-lgcc -plugin-opt=-pass-through=-lgcc_s --sysroot=/home/yang/anaconda3/envs/g4/bin/../x86_64-conda-linux-gnu/sysroot --eh-frame-hdr -m elf_x86_64 -dynamic-linker /lib64/ld-linux-x86-64.so.2 -pie -o cmTC_38227 /home/yang/anaconda3/envs/g4/bin/../x86_64-conda-linux-gnu/sysroot/usr/lib/../lib/Scrt1.o /home/yang/anaconda3/envs/g4/bin/../x86_64-conda-linux-gnu/sysroot/usr/lib/../lib/crti.o /home/yang/anaconda3/envs/g4/bin/../lib/gcc/x86_64-conda-linux-gnu/12.3.0/crtbeginS.o -L/home/yang/anaconda3/envs/g4/lib -L/home/yang/anaconda3/envs/g4/bin/../lib/gcc/x86_64-conda-linux-gnu/12.3.0 -L/home/yang/anaconda3/envs/g4/bin/../lib/gcc -L/home/yang/anaconda3/envs/g4/bin/../lib/gcc/x86_64-conda-linux-gnu/12.3.0/../../../../x86_64-conda-linux-gnu/lib/../lib -L/home/yang/anaconda3/envs/g4/bin/../lib/gcc/x86_64-conda-linux-gnu/12.3.0/../../../../lib -L/home/yang/anaconda3/envs/g4/bin/../x86_64-conda-linux-gnu/sysroot/lib/../lib -L/home/yang/anaconda3/envs/g4/bin/../x86_64-conda-linux-gnu/sysroot/usr/lib/../lib -L/home/yang/anaconda3/envs/g4/bin/../lib/gcc/x86_64-conda-linux-gnu/12.3.0/../../../../x86_64-conda-linux-gnu/lib -L/home/yang/anaconda3/envs/g4/bin/../lib/gcc/x86_64-conda-linux-gnu/12.3.0/../../.. -L/home/yang/anaconda3/envs/g4/bin/../x86_64-conda-linux-gnu/sysroot/lib -L/home/yang/anaconda3/envs/g4/bin/../x86_64-conda-linux-gnu/sysroot/usr/lib -O2 --sort-common --as-needed -z relro -z now --disable-new-dtags --gc-sections --allow-shlib-undefined -rpath /home/yang/anaconda3/envs/g4/lib -rpath-link /home/yang/anaconda3/envs/g4/lib CMakeFiles/cmTC_38227.dir/CMakeCCompilerABI.c.o -lgcc --push-state --as-needed -lgcc_s --pop-state -lc -lgcc --push-state --as-needed -lgcc_s --pop-state /home/yang/anaconda3/envs/g4/bin/../lib/gcc/x86_64-conda-linux-gnu/12.3.0/crtendS.o /home/yang/anaconda3/envs/g4/bin/../x86_64-conda-linux-gnu/sysroot/usr/lib/../lib/crtn.o -rpath /home/yang/anaconda3/envs/g4/lib
COLLECT_GCC_OPTIONS='-march=nocona' '-mtune=haswell' '-ftree-vectorize' '-fPIC' '-fstack-protector-strong' '-fno-plt' '-O2' '-ffunction-sections' '-pipe' '-isystem' '/home/yang/anaconda3/envs/g4/include' '-L/home/yang/anaconda3/envs/g4/lib' '-v' '-o' 'cmTC_38227' '-dumpdir' 'cmTC_38227.'
gmake[1]: Leaving directory '/home/yang/VM_connection/workspace/B4a/build/CMakeFiles/CMakeTmp'



Parsed C implicit include dir info from above output: rv=done
  found start of include info
  found start of implicit include info
    add: [/home/yang/anaconda3/envs/g4/include]
    add: [/home/yang/anaconda3/envs/g4/bin/../lib/gcc/x86_64-conda-linux-gnu/12.3.0/include]
    add: [/home/yang/anaconda3/envs/g4/bin/../lib/gcc/x86_64-conda-linux-gnu/12.3.0/include-fixed]
    add: [/home/yang/anaconda3/envs/g4/bin/../lib/gcc/x86_64-conda-linux-gnu/12.3.0/../../../../x86_64-conda-linux-gnu/include]
    add: [/home/yang/anaconda3/envs/g4/bin/../x86_64-conda-linux-gnu/sysroot/usr/include]
  end of search list found
  collapse include dir [/home/yang/anaconda3/envs/g4/include] ==> [/home/yang/anaconda3/envs/g4/include]
  collapse include dir [/home/yang/anaconda3/envs/g4/bin/../lib/gcc/x86_64-conda-linux-gnu/12.3.0/include] ==> [/home/yang/anaconda3/envs/g4/lib/gcc/x86_64-conda-linux-gnu/12.3.0/include]
  collapse include dir [/home/yang/anaconda3/envs/g4/bin/../lib/gcc/x86_64-conda-linux-gnu/12.3.0/include-fixed] ==> [/home/yang/anaconda3/envs/g4/lib/gcc/x86_64-conda-linux-gnu/12.3.0/include-fixed]
  collapse include dir [/home/yang/anaconda3/envs/g4/bin/../lib/gcc/x86_64-conda-linux-gnu/12.3.0/../../../../x86_64-conda-linux-gnu/include] ==> [/home/yang/anaconda3/envs/g4/x86_64-conda-linux-gnu/include]
  collapse include dir [/home/yang/anaconda3/envs/g4/bin/../x86_64-conda-linux-gnu/sysroot/usr/include] ==> [/home/yang/anaconda3/envs/g4/x86_64-conda-linux-gnu/sysroot/usr/include]
  implicit include dirs: [/home/yang/anaconda3/envs/g4/include;/home/yang/anaconda3/envs/g4/lib/gcc/x86_64-conda-linux-gnu/12.3.0/include;/home/yang/anaconda3/envs/g4/lib/gcc/x86_64-conda-linux-gnu/12.3.0/include-fixed;/home/yang/anaconda3/envs/g4/x86_64-conda-linux-gnu/include;/home/yang/anaconda3/envs/g4/x86_64-conda-linux-gnu/sysroot/usr/include]


Parsed C implicit link information from above output:
  link line regex: [^( *|.*[/\])(x86_64-conda-linux-gnu-ld|CMAKE_LINK_STARTFILE-NOTFOUND|([^/\]+-)?ld|collect2)[^/\]*( |$)]
  ignore line: [Change Dir: /home/yang/VM_connection/workspace/B4a/build/CMakeFiles/CMakeTmp]
  ignore line: []
  ignore line: [Run Build Command(s):/usr/bin/gmake -f Makefile cmTC_38227/fast && /usr/bin/gmake  -f CMakeFiles/cmTC_38227.dir/build.make CMakeFiles/cmTC_38227.dir/build]
  ignore line: [gmake[1]: Entering directory '/home/yang/VM_connection/workspace/B4a/build/CMakeFiles/CMakeTmp']
  ignore line: [Building C object CMakeFiles/cmTC_38227.dir/CMakeCCompilerABI.c.o]
  ignore line: [/home/yang/anaconda3/envs/g4/bin/x86_64-conda-linux-gnu-cc   -march=nocona -mtune=haswell -ftree-vectorize -fPIC -fstack-protector-strong -fno-plt -O2 -ffunction-sections -pipe -isystem /home/yang/anaconda3/envs/g4/include    -v -o CMakeFiles/cmTC_38227.dir/CMakeCCompilerABI.c.o -c /usr/share/cmake-3.22/Modules/CMakeCCompilerABI.c]
  ignore line: [Reading specs from /home/yang/anaconda3/envs/g4/bin/../lib/gcc/x86_64-conda-linux-gnu/12.3.0/specs]
  ignore line: [could not find specs file conda.specs]
  ignore line: [COLLECT_GCC=/home/yang/anaconda3/envs/g4/bin/x86_64-conda-linux-gnu-cc]
  ignore line: [Target: x86_64-conda-linux-gnu]
  ignore line: [Configured with: ../configure --prefix=/home/conda/feedstock_root/build_artifacts/gcc_compilers_1695216551398/_h_env_placehold_placehold_placehold_placehold_placehold_placehold_placehold_placehold_placehold_placehold_placehold_placehold_placehold_placehold_placehold_placehold_placehold_placeho --with-slibdir=/home/conda/feedstock_root/build_artifacts/gcc_compilers_1695216551398/_h_env_placehold_placehold_placehold_placehold_placehold_placehold_placehold_placehold_placehold_placehold_placehold_placehold_placehold_placehold_placehold_placehold_placehold_placeho/lib --libdir=/home/conda/feedstock_root/build_artifacts/gcc_compilers_1695216551398/_h_env_placehold_placehold_placehold_placehold_placehold_placehold_placehold_placehold_placehold_placehold_placehold_placehold_placehold_placehold_placehold_placehold_placehold_placeho/lib --mandir=/home/conda/feedstock_root/build_artifacts/gcc_compilers_1695216551398/_h_env_placehold_placehold_placehold_placehold_placehold_placehold_placehold_placehold_placehold_placehold_placehold_placehold_placehold_placehold_placehold_placehold_placehold_placeho/man --build=x86_64-conda-linux-gnu --host=x86_64-conda-linux-gnu --target=x86_64-conda-linux-gnu --enable-default-pie --enable-languages=c c++ fortran objc obj-c++ --enable-__cxa_atexit --disable-libmudflap --enable-libgomp --disable-libssp --enable-libquadmath --enable-libquadmath-support --enable-libsanitizer --enable-lto --enable-threads=posix --enable-target-optspace --enable-plugin --enable-gold --disable-nls --disable-bootstrap --disable-multilib --enable-long-long --with-sysroot=/home/conda/feedstock_root/build_artifacts/gcc_compilers_1695216551398/_h_env_placehold_placehold_placehold_placehold_placehold_placehold_placehold_placehold_placehold_placehold_placehold_placehold_placehold_placehold_placehold_placehold_placehold_placeho/x86_64-conda-linux-gnu/sysroot --with-build-sysroot=/home/conda/feedstock_root/build_artifacts/gcc_compilers_1695216551398/_build_env/x86_64-conda-linux-gnu/sysroot --with-gxx-include-dir=/home/conda/feedstock_root/build_artifacts/gcc_compilers_1695216551398/_h_env_placehold_placehold_placehold_placehold_placehold_placehold_placehold_placehold_placehold_placehold_placehold_placehold_placehold_placehold_placehold_placehold_placehold_placeho/x86_64-conda-linux-gnu/include/c++/12.3.0 --with-pkgversion='conda-forge gcc 12.3.0-2' --with-bugurl=https://github.com/conda-forge/ctng-compilers-feedstock/issues/new/choose]
  ignore line: [Thread model: posix]
  ignore line: [Supported LTO compression algorithms: zlib]
  ignore line: [gcc version 12.3.0 (conda-forge gcc 12.3.0-2) ]
  ignore line: [COLLECT_GCC_OPTIONS='-march=nocona' '-mtune=haswell' '-ftree-vectorize' '-fPIC' '-fstack-protector-strong' '-fno-plt' '-O2' '-ffunction-sections' '-pipe' '-isystem' '/home/yang/anaconda3/envs/g4/include' '-v' '-o' 'CMakeFiles/cmTC_38227.dir/CMakeCCompilerABI.c.o' '-c' '-dumpdir' 'CMakeFiles/cmTC_38227.dir/']
  ignore line: [ /home/yang/anaconda3/envs/g4/bin/../libexec/gcc/x86_64-conda-linux-gnu/12.3.0/cc1 -quiet -v -iprefix /home/yang/anaconda3/envs/g4/bin/../lib/gcc/x86_64-conda-linux-gnu/12.3.0/ -isysroot /home/yang/anaconda3/envs/g4/bin/../x86_64-conda-linux-gnu/sysroot -isystem /home/yang/anaconda3/envs/g4/include /usr/share/cmake-3.22/Modules/CMakeCCompilerABI.c -quiet -dumpdir CMakeFiles/cmTC_38227.dir/ -dumpbase CMakeCCompilerABI.c.c -dumpbase-ext .c -march=nocona -mtune=haswell -O2 -version -ftree-vectorize -fPIC -fstack-protector-strong -fno-plt -ffunction-sections -o - |]
  ignore line: [ /home/yang/anaconda3/envs/g4/bin/../lib/gcc/x86_64-conda-linux-gnu/12.3.0/../../../../x86_64-conda-linux-gnu/bin/as -v --64 -o CMakeFiles/cmTC_38227.dir/CMakeCCompilerABI.c.o]
  ignore line: [GNU assembler version 2.40 (x86_64-conda-linux-gnu) using BFD version (GNU Binutils) 2.40]
  ignore line: [GNU C17 (conda-forge gcc 12.3.0-2) version 12.3.0 (x86_64-conda-linux-gnu)]
  ignore line: [	compiled by GNU C version 12.3.0  GMP version 6.2.1  MPFR version 4.1.0  MPC version 1.2.1  isl version isl-0.24-GMP]
  ignore line: []
  ignore line: [GGC heuristics: --param ggc-min-expand=100 --param ggc-min-heapsize=131072]
  ignore line: [ignoring duplicate directory "/home/yang/anaconda3/envs/g4/bin/../lib/gcc/../../lib/gcc/x86_64-conda-linux-gnu/12.3.0/include"]
  ignore line: [ignoring nonexistent directory "/home/yang/anaconda3/envs/g4/bin/../x86_64-conda-linux-gnu/sysroot/usr/local/include"]
  ignore line: [ignoring duplicate directory "/home/yang/anaconda3/envs/g4/bin/../lib/gcc/../../lib/gcc/x86_64-conda-linux-gnu/12.3.0/include-fixed"]
  ignore line: [ignoring duplicate directory "/home/yang/anaconda3/envs/g4/bin/../lib/gcc/../../lib/gcc/x86_64-conda-linux-gnu/12.3.0/../../../../x86_64-conda-linux-gnu/include"]
  ignore line: [#include "..." search starts here:]
  ignore line: [#include <...> search starts here:]
  ignore line: [ /home/yang/anaconda3/envs/g4/include]
  ignore line: [ /home/yang/anaconda3/envs/g4/bin/../lib/gcc/x86_64-conda-linux-gnu/12.3.0/include]
  ignore line: [ /home/yang/anaconda3/envs/g4/bin/../lib/gcc/x86_64-conda-linux-gnu/12.3.0/include-fixed]
  ignore line: [ /home/yang/anaconda3/envs/g4/bin/../lib/gcc/x86_64-conda-linux-gnu/12.3.0/../../../../x86_64-conda-linux-gnu/include]
  ignore line: [ /home/yang/anaconda3/envs/g4/bin/../x86_64-conda-linux-gnu/sysroot/usr/include]
  ignore line: [End of search list.]
  ignore line: [GNU C17 (conda-forge gcc 12.3.0-2) version 12.3.0 (x86_64-conda-linux-gnu)]
  ignore line: [	compiled by GNU C version 12.3.0  GMP version 6.2.1  MPFR version 4.1.0  MPC version 1.2.1  isl version isl-0.24-GMP]
  ignore line: []
  ignore line: [GGC heuristics: --param ggc-min-expand=100 --param ggc-min-heapsize=131072]
  ignore line: [Compiler executable checksum: 7c59b8e930294fbdeb0e1e5ea99e880f]
  ignore line: [COMPILER_PATH=/home/yang/anaconda3/envs/g4/bin/../libexec/gcc/x86_64-conda-linux-gnu/12.3.0/:/home/yang/anaconda3/envs/g4/bin/../libexec/gcc/:/home/yang/anaconda3/envs/g4/bin/../lib/gcc/x86_64-conda-linux-gnu/12.3.0/../../../../x86_64-conda-linux-gnu/bin/]
  ignore line: [LIBRARY_PATH=/home/yang/anaconda3/envs/g4/bin/../lib/gcc/x86_64-conda-linux-gnu/12.3.0/:/home/yang/anaconda3/envs/g4/bin/../lib/gcc/:/home/yang/anaconda3/envs/g4/bin/../lib/gcc/x86_64-conda-linux-gnu/12.3.0/../../../../x86_64-conda-linux-gnu/lib/../lib/:/home/yang/anaconda3/envs/g4/bin/../lib/gcc/x86_64-conda-linux-gnu/12.3.0/../../../../lib/:/home/yang/anaconda3/envs/g4/bin/../x86_64-conda-linux-gnu/sysroot/lib/../lib/:/home/yang/anaconda3/envs/g4/bin/../x86_64-conda-linux-gnu/sysroot/usr/lib/../lib/:/home/yang/anaconda3/envs/g4/bin/../lib/gcc/x86_64-conda-linux-gnu/12.3.0/../../../../x86_64-conda-linux-gnu/lib/:/home/yang/anaconda3/envs/g4/bin/../lib/gcc/x86_64-conda-linux-gnu/12.3.0/../../../:/home/yang/anaconda3/envs/g4/bin/../x86_64-conda-linux-gnu/sysroot/lib/:/home/yang/anaconda3/envs/g4/bin/../x86_64-conda-linux-gnu/sysroot/usr/lib/]
  ignore line: [COLLECT_GCC_OPTIONS='-march=nocona' '-mtune=haswell' '-ftree-vectorize' '-fPIC' '-fstack-protector-strong' '-fno-plt' '-O2' '-ffunction-sections' '-pipe' '-isystem' '/home/yang/anaconda3/envs/g4/include' '-v' '-o' 'CMakeFiles/cmTC_38227.dir/CMakeCCompilerABI.c.o' '-c' '-dumpdir' 'CMakeFiles/cmTC_38227.dir/CMakeCCompilerABI.c.']
  ignore line: [Linking C executable cmTC_38227]
  ignore line: [/usr/bin/cmake -E cmake_link_script CMakeFiles/cmTC_38227.dir/link.txt --verbose=1]
  ignore line: [/home/yang/anaconda3/envs/g4/bin/x86_64-conda-linux-gnu-cc -march=nocona -mtune=haswell -ftree-vectorize -fPIC -fstack-protector-strong -fno-plt -O2 -ffunction-sections -pipe -isystem /home/yang/anaconda3/envs/g4/include  -Wl -O2 -Wl --sort-common -Wl --as-needed -Wl -z relro -Wl -z now -Wl --disable-new-dtags -Wl --gc-sections -Wl --allow-shlib-undefined -Wl -rpath /home/yang/anaconda3/envs/g4/lib -Wl -rpath-link /home/yang/anaconda3/envs/g4/lib -L/home/yang/anaconda3/envs/g4/lib -v CMakeFiles/cmTC_38227.dir/CMakeCCompilerABI.c.o -o cmTC_38227 ]
  ignore line: [Reading specs from /home/yang/anaconda3/envs/g4/bin/../lib/gcc/x86_64-conda-linux-gnu/12.3.0/specs]
  ignore line: [could not find specs file conda.specs]
  ignore line: [COLLECT_GCC=/home/yang/anaconda3/envs/g4/bin/x86_64-conda-linux-gnu-cc]
  ignore line: [COLLECT_LTO_WRAPPER=/home/yang/anaconda3/envs/g4/bin/../libexec/gcc/x86_64-conda-linux-gnu/12.3.0/lto-wrapper]
  ignore line: [Target: x86_64-conda-linux-gnu]
  ignore line: [Configured with: ../configure --prefix=/home/conda/feedstock_root/build_artifacts/gcc_compilers_1695216551398/_h_env_placehold_placehold_placehold_placehold_placehold_placehold_placehold_placehold_placehold_placehold_placehold_placehold_placehold_placehold_placehold_placehold_placehold_placeho --with-slibdir=/home/conda/feedstock_root/build_artifacts/gcc_compilers_1695216551398/_h_env_placehold_placehold_placehold_placehold_placehold_placehold_placehold_placehold_placehold_placehold_placehold_placehold_placehold_placehold_placehold_placehold_placehold_placeho/lib --libdir=/home/conda/feedstock_root/build_artifacts/gcc_compilers_1695216551398/_h_env_placehold_placehold_placehold_placehold_placehold_placehold_placehold_placehold_placehold_placehold_placehold_placehold_placehold_placehold_placehold_placehold_placehold_placeho/lib --mandir=/home/conda/feedstock_root/build_artifacts/gcc_compilers_1695216551398/_h_env_placehold_placehold_placehold_placehold_placehold_placehold_placehold_placehold_placehold_placehold_placehold_placehold_placehold_placehold_placehold_placehold_placehold_placeho/man --build=x86_64-conda-linux-gnu --host=x86_64-conda-linux-gnu --target=x86_64-conda-linux-gnu --enable-default-pie --enable-languages=c c++ fortran objc obj-c++ --enable-__cxa_atexit --disable-libmudflap --enable-libgomp --disable-libssp --enable-libquadmath --enable-libquadmath-support --enable-libsanitizer --enable-lto --enable-threads=posix --enable-target-optspace --enable-plugin --enable-gold --disable-nls --disable-bootstrap --disable-multilib --enable-long-long --with-sysroot=/home/conda/feedstock_root/build_artifacts/gcc_compilers_1695216551398/_h_env_placehold_placehold_placehold_placehold_placehold_placehold_placehold_placehold_placehold_placehold_placehold_placehold_placehold_placehold_placehold_placehold_placehold_placeho/x86_64-conda-linux-gnu/sysroot --with-build-sysroot=/home/conda/feedstock_root/build_artifacts/gcc_compilers_1695216551398/_build_env/x86_64-conda-linux-gnu/sysroot --with-gxx-include-dir=/home/conda/feedstock_root/build_artifacts/gcc_compilers_1695216551398/_h_env_placehold_placehold_placehold_placehold_placehold_placehold_placehold_placehold_placehold_placehold_placehold_placehold_placehold_placehold_placehold_placehold_placehold_placeho/x86_64-conda-linux-gnu/include/c++/12.3.0 --with-pkgversion='conda-forge gcc 12.3.0-2' --with-bugurl=https://github.com/conda-forge/ctng-compilers-feedstock/issues/new/choose]
  ignore line: [Thread model: posix]
  ignore line: [Supported LTO compression algorithms: zlib]
  ignore line: [gcc version 12.3.0 (conda-forge gcc 12.3.0-2) ]
  ignore line: [COMPILER_PATH=/home/yang/anaconda3/envs/g4/bin/../libexec/gcc/x86_64-conda-linux-gnu/12.3.0/:/home/yang/anaconda3/envs/g4/bin/../libexec/gcc/:/home/yang/anaconda3/envs/g4/bin/../lib/gcc/x86_64-conda-linux-gnu/12.3.0/../../../../x86_64-conda-linux-gnu/bin/]
  ignore line: [LIBRARY_PATH=/home/yang/anaconda3/envs/g4/bin/../lib/gcc/x86_64-conda-linux-gnu/12.3.0/:/home/yang/anaconda3/envs/g4/bin/../lib/gcc/:/home/yang/anaconda3/envs/g4/bin/../lib/gcc/x86_64-conda-linux-gnu/12.3.0/../../../../x86_64-conda-linux-gnu/lib/../lib/:/home/yang/anaconda3/envs/g4/bin/../lib/gcc/x86_64-conda-linux-gnu/12.3.0/../../../../lib/:/home/yang/anaconda3/envs/g4/bin/../x86_64-conda-linux-gnu/sysroot/lib/../lib/:/home/yang/anaconda3/envs/g4/bin/../x86_64-conda-linux-gnu/sysroot/usr/lib/../lib/:/home/yang/anaconda3/envs/g4/bin/../lib/gcc/x86_64-conda-linux-gnu/12.3.0/../../../../x86_64-conda-linux-gnu/lib/:/home/yang/anaconda3/envs/g4/bin/../lib/gcc/x86_64-conda-linux-gnu/12.3.0/../../../:/home/yang/anaconda3/envs/g4/bin/../x86_64-conda-linux-gnu/sysroot/lib/:/home/yang/anaconda3/envs/g4/bin/../x86_64-conda-linux-gnu/sysroot/usr/lib/]
  ignore line: [COLLECT_GCC_OPTIONS='-march=nocona' '-mtune=haswell' '-ftree-vectorize' '-fPIC' '-fstack-protector-strong' '-fno-plt' '-O2' '-ffunction-sections' '-pipe' '-isystem' '/home/yang/anaconda3/envs/g4/include' '-L/home/yang/anaconda3/envs/g4/lib' '-v' '-o' 'cmTC_38227' '-dumpdir' 'cmTC_38227.']
  link line: [ /home/yang/anaconda3/envs/g4/bin/../libexec/gcc/x86_64-conda-linux-gnu/12.3.0/collect2 -plugin /home/yang/anaconda3/envs/g4/bin/../libexec/gcc/x86_64-conda-linux-gnu/12.3.0/liblto_plugin.so -plugin-opt=/home/yang/anaconda3/envs/g4/bin/../libexec/gcc/x86_64-conda-linux-gnu/12.3.0/lto-wrapper -plugin-opt=-fresolution=/tmp/ccQgob5p.res -plugin-opt=-pass-through=-lgcc -plugin-opt=-pass-through=-lgcc_s -plugin-opt=-pass-through=-lc -plugin-opt=-pass-through=-lgcc -plugin-opt=-pass-through=-lgcc_s --sysroot=/home/yang/anaconda3/envs/g4/bin/../x86_64-conda-linux-gnu/sysroot --eh-frame-hdr -m elf_x86_64 -dynamic-linker /lib64/ld-linux-x86-64.so.2 -pie -o cmTC_38227 /home/yang/anaconda3/envs/g4/bin/../x86_64-conda-linux-gnu/sysroot/usr/lib/../lib/Scrt1.o /home/yang/anaconda3/envs/g4/bin/../x86_64-conda-linux-gnu/sysroot/usr/lib/../lib/crti.o /home/yang/anaconda3/envs/g4/bin/../lib/gcc/x86_64-conda-linux-gnu/12.3.0/crtbeginS.o -L/home/yang/anaconda3/envs/g4/lib -L/home/yang/anaconda3/envs/g4/bin/../lib/gcc/x86_64-conda-linux-gnu/12.3.0 -L/home/yang/anaconda3/envs/g4/bin/../lib/gcc -L/home/yang/anaconda3/envs/g4/bin/../lib/gcc/x86_64-conda-linux-gnu/12.3.0/../../../../x86_64-conda-linux-gnu/lib/../lib -L/home/yang/anaconda3/envs/g4/bin/../lib/gcc/x86_64-conda-linux-gnu/12.3.0/../../../../lib -L/home/yang/anaconda3/envs/g4/bin/../x86_64-conda-linux-gnu/sysroot/lib/../lib -L/home/yang/anaconda3/envs/g4/bin/../x86_64-conda-linux-gnu/sysroot/usr/lib/../lib -L/home/yang/anaconda3/envs/g4/bin/../lib/gcc/x86_64-conda-linux-gnu/12.3.0/../../../../x86_64-conda-linux-gnu/lib -L/home/yang/anaconda3/envs/g4/bin/../lib/gcc/x86_64-conda-linux-gnu/12.3.0/../../.. -L/home/yang/anaconda3/envs/g4/bin/../x86_64-conda-linux-gnu/sysroot/lib -L/home/yang/anaconda3/envs/g4/bin/../x86_64-conda-linux-gnu/sysroot/usr/lib -O2 --sort-common --as-needed -z relro -z now --disable-new-dtags --gc-sections --allow-shlib-undefined -rpath /home/yang/anaconda3/envs/g4/lib -rpath-link /home/yang/anaconda3/envs/g4/lib CMakeFiles/cmTC_38227.dir/CMakeCCompilerABI.c.o -lgcc --push-state --as-needed -lgcc_s --pop-state -lc -lgcc --push-state --as-needed -lgcc_s --pop-state /home/yang/anaconda3/envs/g4/bin/../lib/gcc/x86_64-conda-linux-gnu/12.3.0/crtendS.o /home/yang/anaconda3/envs/g4/bin/../x86_64-conda-linux-gnu/sysroot/usr/lib/../lib/crtn.o -rpath /home/yang/anaconda3/envs/g4/lib]
    arg [/home/yang/anaconda3/envs/g4/bin/../libexec/gcc/x86_64-conda-linux-gnu/12.3.0/collect2] ==> ignore
    arg [-plugin] ==> ignore
    arg [/home/yang/anaconda3/envs/g4/bin/../libexec/gcc/x86_64-conda-linux-gnu/12.3.0/liblto_plugin.so] ==> ignore
    arg [-plugin-opt=/home/yang/anaconda3/envs/g4/bin/../libexec/gcc/x86_64-conda-linux-gnu/12.3.0/lto-wrapper] ==> ignore
    arg [-plugin-opt=-fresolution=/tmp/ccQgob5p.res] ==> ignore
    arg [-plugin-opt=-pass-through=-lgcc] ==> ignore
    arg [-plugin-opt=-pass-through=-lgcc_s] ==> ignore
    arg [-plugin-opt=-pass-through=-lc] ==> ignore
    arg [-plugin-opt=-pass-through=-lgcc] ==> ignore
    arg [-plugin-opt=-pass-through=-lgcc_s] ==> ignore
    arg [--sysroot=/home/yang/anaconda3/envs/g4/bin/../x86_64-conda-linux-gnu/sysroot] ==> ignore
    arg [--eh-frame-hdr] ==> ignore
    arg [-m] ==> ignore
    arg [elf_x86_64] ==> ignore
    arg [-dynamic-linker] ==> ignore
    arg [/lib64/ld-linux-x86-64.so.2] ==> ignore
    arg [-pie] ==> ignore
    arg [-o] ==> ignore
    arg [cmTC_38227] ==> ignore
    arg [/home/yang/anaconda3/envs/g4/bin/../x86_64-conda-linux-gnu/sysroot/usr/lib/../lib/Scrt1.o] ==> obj [/home/yang/anaconda3/envs/g4/bin/../x86_64-conda-linux-gnu/sysroot/usr/lib/../lib/Scrt1.o]
    arg [/home/yang/anaconda3/envs/g4/bin/../x86_64-conda-linux-gnu/sysroot/usr/lib/../lib/crti.o] ==> obj [/home/yang/anaconda3/envs/g4/bin/../x86_64-conda-linux-gnu/sysroot/usr/lib/../lib/crti.o]
    arg [/home/yang/anaconda3/envs/g4/bin/../lib/gcc/x86_64-conda-linux-gnu/12.3.0/crtbeginS.o] ==> obj [/home/yang/anaconda3/envs/g4/bin/../lib/gcc/x86_64-conda-linux-gnu/12.3.0/crtbeginS.o]
    arg [-L/home/yang/anaconda3/envs/g4/lib] ==> dir [/home/yang/anaconda3/envs/g4/lib]
    arg [-L/home/yang/anaconda3/envs/g4/bin/../lib/gcc/x86_64-conda-linux-gnu/12.3.0] ==> dir [/home/yang/anaconda3/envs/g4/bin/../lib/gcc/x86_64-conda-linux-gnu/12.3.0]
    arg [-L/home/yang/anaconda3/envs/g4/bin/../lib/gcc] ==> dir [/home/yang/anaconda3/envs/g4/bin/../lib/gcc]
    arg [-L/home/yang/anaconda3/envs/g4/bin/../lib/gcc/x86_64-conda-linux-gnu/12.3.0/../../../../x86_64-conda-linux-gnu/lib/../lib] ==> dir [/home/yang/anaconda3/envs/g4/bin/../lib/gcc/x86_64-conda-linux-gnu/12.3.0/../../../../x86_64-conda-linux-gnu/lib/../lib]
    arg [-L/home/yang/anaconda3/envs/g4/bin/../lib/gcc/x86_64-conda-linux-gnu/12.3.0/../../../../lib] ==> dir [/home/yang/anaconda3/envs/g4/bin/../lib/gcc/x86_64-conda-linux-gnu/12.3.0/../../../../lib]
    arg [-L/home/yang/anaconda3/envs/g4/bin/../x86_64-conda-linux-gnu/sysroot/lib/../lib] ==> dir [/home/yang/anaconda3/envs/g4/bin/../x86_64-conda-linux-gnu/sysroot/lib/../lib]
    arg [-L/home/yang/anaconda3/envs/g4/bin/../x86_64-conda-linux-gnu/sysroot/usr/lib/../lib] ==> dir [/home/yang/anaconda3/envs/g4/bin/../x86_64-conda-linux-gnu/sysroot/usr/lib/../lib]
    arg [-L/home/yang/anaconda3/envs/g4/bin/../lib/gcc/x86_64-conda-linux-gnu/12.3.0/../../../../x86_64-conda-linux-gnu/lib] ==> dir [/home/yang/anaconda3/envs/g4/bin/../lib/gcc/x86_64-conda-linux-gnu/12.3.0/../../../../x86_64-conda-linux-gnu/lib]
    arg [-L/home/yang/anaconda3/envs/g4/bin/../lib/gcc/x86_64-conda-linux-gnu/12.3.0/../../..] ==> dir [/home/yang/anaconda3/envs/g4/bin/../lib/gcc/x86_64-conda-linux-gnu/12.3.0/../../..]
    arg [-L/home/yang/anaconda3/envs/g4/bin/../x86_64-conda-linux-gnu/sysroot/lib] ==> dir [/home/yang/anaconda3/envs/g4/bin/../x86_64-conda-linux-gnu/sysroot/lib]
    arg [-L/home/yang/anaconda3/envs/g4/bin/../x86_64-conda-linux-gnu/sysroot/usr/lib] ==> dir [/home/yang/anaconda3/envs/g4/bin/../x86_64-conda-linux-gnu/sysroot/usr/lib]
    arg [-O2] ==> ignore
    arg [--sort-common] ==> ignore
    arg [--as-needed] ==> ignore
    arg [-zrelro] ==> ignore
    arg [-znow] ==> ignore
    arg [--disable-new-dtags] ==> ignore
    arg [--gc-sections] ==> ignore
    arg [--allow-shlib-undefined] ==> ignore
    arg [-rpath] ==> ignore
    arg [/home/yang/anaconda3/envs/g4/lib] ==> ignore
    arg [-rpath-link] ==> ignore
    arg [/home/yang/anaconda3/envs/g4/lib] ==> ignore
    arg [CMakeFiles/cmTC_38227.dir/CMakeCCompilerABI.c.o] ==> ignore
    arg [-lgcc] ==> lib [gcc]
    arg [--push-state] ==> ignore
    arg [--as-needed] ==> ignore
    arg [-lgcc_s] ==> lib [gcc_s]
    arg [--pop-state] ==> ignore
    arg [-lc] ==> lib [c]
    arg [-lgcc] ==> lib [gcc]
    arg [--push-state] ==> ignore
    arg [--as-needed] ==> ignore
    arg [-lgcc_s] ==> lib [gcc_s]
    arg [--pop-state] ==> ignore
    arg [/home/yang/anaconda3/envs/g4/bin/../lib/gcc/x86_64-conda-linux-gnu/12.3.0/crtendS.o] ==> obj [/home/yang/anaconda3/envs/g4/bin/../lib/gcc/x86_64-conda-linux-gnu/12.3.0/crtendS.o]
    arg [/home/yang/anaconda3/envs/g4/bin/../x86_64-conda-linux-gnu/sysroot/usr/lib/../lib/crtn.o] ==> obj [/home/yang/anaconda3/envs/g4/bin/../x86_64-conda-linux-gnu/sysroot/usr/lib/../lib/crtn.o]
    arg [-rpath] ==> ignore
    arg [/home/yang/anaconda3/envs/g4/lib] ==> ignore
  collapse obj [/home/yang/anaconda3/envs/g4/bin/../x86_64-conda-linux-gnu/sysroot/usr/lib/../lib/Scrt1.o] ==> [/home/yang/anaconda3/envs/g4/x86_64-conda-linux-gnu/sysroot/usr/lib/Scrt1.o]
  collapse obj [/home/yang/anaconda3/envs/g4/bin/../x86_64-conda-linux-gnu/sysroot/usr/lib/../lib/crti.o] ==> [/home/yang/anaconda3/envs/g4/x86_64-conda-linux-gnu/sysroot/usr/lib/crti.o]
  collapse obj [/home/yang/anaconda3/envs/g4/bin/../lib/gcc/x86_64-conda-linux-gnu/12.3.0/crtbeginS.o] ==> [/home/yang/anaconda3/envs/g4/lib/gcc/x86_64-conda-linux-gnu/12.3.0/crtbeginS.o]
  collapse obj [/home/yang/anaconda3/envs/g4/bin/../lib/gcc/x86_64-conda-linux-gnu/12.3.0/crtendS.o] ==> [/home/yang/anaconda3/envs/g4/lib/gcc/x86_64-conda-linux-gnu/12.3.0/crtendS.o]
  collapse obj [/home/yang/anaconda3/envs/g4/bin/../x86_64-conda-linux-gnu/sysroot/usr/lib/../lib/crtn.o] ==> [/home/yang/anaconda3/envs/g4/x86_64-conda-linux-gnu/sysroot/usr/lib/crtn.o]
  collapse library dir [/home/yang/anaconda3/envs/g4/lib] ==> [/home/yang/anaconda3/envs/g4/lib]
  collapse library dir [/home/yang/anaconda3/envs/g4/bin/../lib/gcc/x86_64-conda-linux-gnu/12.3.0] ==> [/home/yang/anaconda3/envs/g4/lib/gcc/x86_64-conda-linux-gnu/12.3.0]
  collapse library dir [/home/yang/anaconda3/envs/g4/bin/../lib/gcc] ==> [/home/yang/anaconda3/envs/g4/lib/gcc]
  collapse library dir [/home/yang/anaconda3/envs/g4/bin/../lib/gcc/x86_64-conda-linux-gnu/12.3.0/../../../../x86_64-conda-linux-gnu/lib/../lib] ==> [/home/yang/anaconda3/envs/g4/x86_64-conda-linux-gnu/lib]
  collapse library dir [/home/yang/anaconda3/envs/g4/bin/../lib/gcc/x86_64-conda-linux-gnu/12.3.0/../../../../lib] ==> [/home/yang/anaconda3/envs/g4/lib]
  collapse library dir [/home/yang/anaconda3/envs/g4/bin/../x86_64-conda-linux-gnu/sysroot/lib/../lib] ==> [/home/yang/anaconda3/envs/g4/x86_64-conda-linux-gnu/sysroot/lib]
  collapse library dir [/home/yang/anaconda3/envs/g4/bin/../x86_64-conda-linux-gnu/sysroot/usr/lib/../lib] ==> [/home/yang/anaconda3/envs/g4/x86_64-conda-linux-gnu/sysroot/usr/lib]
  collapse library dir [/home/yang/anaconda3/envs/g4/bin/../lib/gcc/x86_64-conda-linux-gnu/12.3.0/../../../../x86_64-conda-linux-gnu/lib] ==> [/home/yang/anaconda3/envs/g4/x86_64-conda-linux-gnu/lib]
  collapse library dir [/home/yang/anaconda3/envs/g4/bin/../lib/gcc/x86_64-conda-linux-gnu/12.3.0/../../..] ==> [/home/yang/anaconda3/envs/g4/lib]
  collapse library dir [/home/yang/anaconda3/envs/g4/bin/../x86_64-conda-linux-gnu/sysroot/lib] ==> [/home/yang/anaconda3/envs/g4/x86_64-conda-linux-gnu/sysroot/lib]
  collapse library dir [/home/yang/anaconda3/envs/g4/bin/../x86_64-conda-linux-gnu/sysroot/usr/lib] ==> [/home/yang/anaconda3/envs/g4/x86_64-conda-linux-gnu/sysroot/usr/lib]
  implicit libs: [gcc;gcc_s;c;gcc;gcc_s]
  implicit objs: [/home/yang/anaconda3/envs/g4/x86_64-conda-linux-gnu/sysroot/usr/lib/Scrt1.o;/home/yang/anaconda3/envs/g4/x86_64-conda-linux-gnu/sysroot/usr/lib/crti.o;/home/yang/anaconda3/envs/g4/lib/gcc/x86_64-conda-linux-gnu/12.3.0/crtbeginS.o;/home/yang/anaconda3/envs/g4/lib/gcc/x86_64-conda-linux-gnu/12.3.0/crtendS.o;/home/yang/anaconda3/envs/g4/x86_64-conda-linux-gnu/sysroot/usr/lib/crtn.o]
  implicit dirs: [/home/yang/anaconda3/envs/g4/lib;/home/yang/anaconda3/envs/g4/lib/gcc/x86_64-conda-linux-gnu/12.3.0;/home/yang/anaconda3/envs/g4/lib/gcc;/home/yang/anaconda3/envs/g4/x86_64-conda-linux-gnu/lib;/home/yang/anaconda3/envs/g4/x86_64-conda-linux-gnu/sysroot/lib;/home/yang/anaconda3/envs/g4/x86_64-conda-linux-gnu/sysroot/usr/lib]
  implicit fwks: []


Detecting CXX compiler ABI info compiled with the following output:
Change Dir: /home/yang/VM_connection/workspace/B4a/build/CMakeFiles/CMakeTmp

Run Build Command(s):/usr/bin/gmake -f Makefile cmTC_da3fa/fast && /usr/bin/gmake  -f CMakeFiles/cmTC_da3fa.dir/build.make CMakeFiles/cmTC_da3fa.dir/build
gmake[1]: Entering directory '/home/yang/VM_connection/workspace/B4a/build/CMakeFiles/CMakeTmp'
Building CXX object CMakeFiles/cmTC_da3fa.dir/CMakeCXXCompilerABI.cpp.o
/home/yang/anaconda3/envs/g4/bin/x86_64-conda-linux-gnu-c++   -fvisibility-inlines-hidden -fmessage-length=0 -march=nocona -mtune=haswell -ftree-vectorize -fPIC -fstack-protector-strong -fno-plt -O2 -ffunction-sections -pipe -isystem /home/yang/anaconda3/envs/g4/include    -v -o CMakeFiles/cmTC_da3fa.dir/CMakeCXXCompilerABI.cpp.o -c /usr/share/cmake-3.22/Modules/CMakeCXXCompilerABI.cpp
Reading specs from /home/yang/anaconda3/envs/g4/bin/../lib/gcc/x86_64-conda-linux-gnu/12.3.0/specs
could not find specs file conda.specs
COLLECT_GCC=/home/yang/anaconda3/envs/g4/bin/x86_64-conda-linux-gnu-c++
Target: x86_64-conda-linux-gnu
Configured with: ../configure --prefix=/home/conda/feedstock_root/build_artifacts/gcc_compilers_1695216551398/_h_env_placehold_placehold_placehold_placehold_placehold_placehold_placehold_placehold_placehold_placehold_placehold_placehold_placehold_placehold_placehold_placehold_placehold_placeho --with-slibdir=/home/conda/feedstock_root/build_artifacts/gcc_compilers_1695216551398/_h_env_placehold_placehold_placehold_placehold_placehold_placehold_placehold_placehold_placehold_placehold_placehold_placehold_placehold_placehold_placehold_placehold_placehold_placeho/lib --libdir=/home/conda/feedstock_root/build_artifacts/gcc_compilers_1695216551398/_h_env_placehold_placehold_placehold_placehold_placehold_placehold_placehold_placehold_placehold_placehold_placehold_placehold_placehold_placehold_placehold_placehold_placehold_placeho/lib --mandir=/home/conda/feedstock_root/build_artifacts/gcc_compilers_1695216551398/_h_env_placehold_placehold_placehold_placehold_placehold_placehold_placehold_placehold_placehold_placehold_placehold_placehold_placehold_placehold_placehold_placehold_placehold_placeho/man --build=x86_64-conda-linux-gnu --host=x86_64-conda-linux-gnu --target=x86_64-conda-linux-gnu --enable-default-pie --enable-languages=c,c++,fortran,objc,obj-c++ --enable-__cxa_atexit --disable-libmudflap --enable-libgomp --disable-libssp --enable-libquadmath --enable-libquadmath-support --enable-libsanitizer --enable-lto --enable-threads=posix --enable-target-optspace --enable-plugin --enable-gold --disable-nls --disable-bootstrap --disable-multilib --enable-long-long --with-sysroot=/home/conda/feedstock_root/build_artifacts/gcc_compilers_1695216551398/_h_env_placehold_placehold_placehold_placehold_placehold_placehold_placehold_placehold_placehold_placehold_placehold_placehold_placehold_placehold_placehold_placehold_placehold_placeho/x86_64-conda-linux-gnu/sysroot --with-build-sysroot=/home/conda/feedstock_root/build_artifacts/gcc_compilers_1695216551398/_build_env/x86_64-conda-linux-gnu/sysroot --with-gxx-include-dir=/home/conda/feedstock_root/build_artifacts/gcc_compilers_1695216551398/_h_env_placehold_placehold_placehold_placehold_placehold_placehold_placehold_placehold_placehold_placehold_placehold_placehold_placehold_placehold_placehold_placehold_placehold_placeho/x86_64-conda-linux-gnu/include/c++/12.3.0 --with-pkgversion='conda-forge gcc 12.3.0-2' --with-bugurl=https://github.com/conda-forge/ctng-compilers-feedstock/issues/new/choose
Thread model: posix
Supported LTO compression algorithms: zlib
gcc version 12.3.0 (conda-forge gcc 12.3.0-2) 
COLLECT_GCC_OPTIONS='-fvisibility-inlines-hidden' '-fmessage-length=0' '-march=nocona' '-mtune=haswell' '-ftree-vectorize' '-fPIC' '-fstack-protector-strong' '-fno-plt' '-O2' '-ffunction-sections' '-pipe' '-isystem' '/home/yang/anaconda3/envs/g4/include' '-v' '-o' 'CMakeFiles/cmTC_da3fa.dir/CMakeCXXCompilerABI.cpp.o' '-c' '-shared-libgcc' '-dumpdir' 'CMakeFiles/cmTC_da3fa.dir/'
 /home/yang/anaconda3/envs/g4/bin/../libexec/gcc/x86_64-conda-linux-gnu/12.3.0/cc1plus -quiet -v -iprefix /home/yang/anaconda3/envs/g4/bin/../lib/gcc/x86_64-conda-linux-gnu/12.3.0/ -isysroot /home/yang/anaconda3/envs/g4/bin/../x86_64-conda-linux-gnu/sysroot -D_GNU_SOURCE -isystem /home/yang/anaconda3/envs/g4/include /usr/share/cmake-3.22/Modules/CMakeCXXCompilerABI.cpp -quiet -dumpdir CMakeFiles/cmTC_da3fa.dir/ -dumpbase CMakeCXXCompilerABI.cpp.cpp -dumpbase-ext .cpp -march=nocona -mtune=haswell -O2 -version -fvisibility-inlines-hidden -fmessage-length=0 -ftree-vectorize -fPIC -fstack-protector-strong -fno-plt -ffunction-sections -o - |
 /home/yang/anaconda3/envs/g4/bin/../lib/gcc/x86_64-conda-linux-gnu/12.3.0/../../../../x86_64-conda-linux-gnu/bin/as -v --64 -o CMakeFiles/cmTC_da3fa.dir/CMakeCXXCompilerABI.cpp.o
GNU assembler version 2.40 (x86_64-conda-linux-gnu) using BFD version (GNU Binutils) 2.40
GNU C++17 (conda-forge gcc 12.3.0-2) version 12.3.0 (x86_64-conda-linux-gnu)
	compiled by GNU C version 12.3.0, GMP version 6.2.1, MPFR version 4.1.0, MPC version 1.2.1, isl version isl-0.24-GMP

GGC heuristics: --param ggc-min-expand=100 --param ggc-min-heapsize=131072
ignoring duplicate directory "/home/yang/anaconda3/envs/g4/bin/../lib/gcc/../../lib/gcc/x86_64-conda-linux-gnu/12.3.0/include"
ignoring nonexistent directory "/home/yang/anaconda3/envs/g4/bin/../x86_64-conda-linux-gnu/sysroot/usr/local/include"
ignoring duplicate directory "/home/yang/anaconda3/envs/g4/bin/../lib/gcc/../../lib/gcc/x86_64-conda-linux-gnu/12.3.0/include-fixed"
ignoring duplicate directory "/home/yang/anaconda3/envs/g4/bin/../lib/gcc/../../lib/gcc/x86_64-conda-linux-gnu/12.3.0/../../../../x86_64-conda-linux-gnu/include"
#include "..." search starts here:
#include <...> search starts here:
 /home/yang/anaconda3/envs/g4/include
 /home/yang/anaconda3/envs/g4/bin/../lib/gcc/x86_64-conda-linux-gnu/12.3.0/include
 /home/yang/anaconda3/envs/g4/bin/../lib/gcc/x86_64-conda-linux-gnu/12.3.0/include-fixed
 /home/yang/anaconda3/envs/g4/bin/../lib/gcc/x86_64-conda-linux-gnu/12.3.0/../../../../x86_64-conda-linux-gnu/include
 /home/yang/anaconda3/envs/g4/bin/../lib/gcc/../../x86_64-conda-linux-gnu/include/c++/12.3.0
 /home/yang/anaconda3/envs/g4/bin/../lib/gcc/../../x86_64-conda-linux-gnu/include/c++/12.3.0/x86_64-conda-linux-gnu
 /home/yang/anaconda3/envs/g4/bin/../lib/gcc/../../x86_64-conda-linux-gnu/include/c++/12.3.0/backward
 /home/yang/anaconda3/envs/g4/bin/../x86_64-conda-linux-gnu/sysroot/usr/include
End of search list.
GNU C++17 (conda-forge gcc 12.3.0-2) version 12.3.0 (x86_64-conda-linux-gnu)
	compiled by GNU C version 12.3.0, GMP version 6.2.1, MPFR version 4.1.0, MPC version 1.2.1, isl version isl-0.24-GMP

GGC heuristics: --param ggc-min-expand=100 --param ggc-min-heapsize=131072
Compiler executable checksum: f622d6a2bdcd923eedcca8cdcedb5e48
COMPILER_PATH=/home/yang/anaconda3/envs/g4/bin/../libexec/gcc/x86_64-conda-linux-gnu/12.3.0/:/home/yang/anaconda3/envs/g4/bin/../libexec/gcc/:/home/yang/anaconda3/envs/g4/bin/../lib/gcc/x86_64-conda-linux-gnu/12.3.0/../../../../x86_64-conda-linux-gnu/bin/
LIBRARY_PATH=/home/yang/anaconda3/envs/g4/bin/../lib/gcc/x86_64-conda-linux-gnu/12.3.0/:/home/yang/anaconda3/envs/g4/bin/../lib/gcc/:/home/yang/anaconda3/envs/g4/bin/../lib/gcc/x86_64-conda-linux-gnu/12.3.0/../../../../x86_64-conda-linux-gnu/lib/../lib/:/home/yang/anaconda3/envs/g4/bin/../lib/gcc/x86_64-conda-linux-gnu/12.3.0/../../../../lib/:/home/yang/anaconda3/envs/g4/bin/../x86_64-conda-linux-gnu/sysroot/lib/../lib/:/home/yang/anaconda3/envs/g4/bin/../x86_64-conda-linux-gnu/sysroot/usr/lib/../lib/:/home/yang/anaconda3/envs/g4/bin/../lib/gcc/x86_64-conda-linux-gnu/12.3.0/../../../../x86_64-conda-linux-gnu/lib/:/home/yang/anaconda3/envs/g4/bin/../lib/gcc/x86_64-conda-linux-gnu/12.3.0/../../../:/home/yang/anaconda3/envs/g4/bin/../x86_64-conda-linux-gnu/sysroot/lib/:/home/yang/anaconda3/envs/g4/bin/../x86_64-conda-linux-gnu/sysroot/usr/lib/
COLLECT_GCC_OPTIONS='-fvisibility-inlines-hidden' '-fmessage-length=0' '-march=nocona' '-mtune=haswell' '-ftree-vectorize' '-fPIC' '-fstack-protector-strong' '-fno-plt' '-O2' '-ffunction-sections' '-pipe' '-isystem' '/home/yang/anaconda3/envs/g4/include' '-v' '-o' 'CMakeFiles/cmTC_da3fa.dir/CMakeCXXCompilerABI.cpp.o' '-c' '-shared-libgcc' '-dumpdir' 'CMakeFiles/cmTC_da3fa.dir/CMakeCXXCompilerABI.cpp.'
Linking CXX executable cmTC_da3fa
/usr/bin/cmake -E cmake_link_script CMakeFiles/cmTC_da3fa.dir/link.txt --verbose=1
/home/yang/anaconda3/envs/g4/bin/x86_64-conda-linux-gnu-c++ -fvisibility-inlines-hidden -fmessage-length=0 -march=nocona -mtune=haswell -ftree-vectorize -fPIC -fstack-protector-strong -fno-plt -O2 -ffunction-sections -pipe -isystem /home/yang/anaconda3/envs/g4/include  -Wl,-O2 -Wl,--sort-common -Wl,--as-needed -Wl,-z,relro -Wl,-z,now -Wl,--disable-new-dtags -Wl,--gc-sections -Wl,--allow-shlib-undefined -Wl,-rpath,/home/yang/anaconda3/envs/g4/lib -Wl,-rpath-link,/home/yang/anaconda3/envs/g4/lib -L/home/yang/anaconda3/envs/g4/lib -v CMakeFiles/cmTC_da3fa.dir/CMakeCXXCompilerABI.cpp.o -o cmTC_da3fa 
Reading specs from /home/yang/anaconda3/envs/g4/bin/../lib/gcc/x86_64-conda-linux-gnu/12.3.0/specs
could not find specs file conda.specs
COLLECT_GCC=/home/yang/anaconda3/envs/g4/bin/x86_64-conda-linux-gnu-c++
COLLECT_LTO_WRAPPER=/home/yang/anaconda3/envs/g4/bin/../libexec/gcc/x86_64-conda-linux-gnu/12.3.0/lto-wrapper
Target: x86_64-conda-linux-gnu
Configured with: ../configure --prefix=/home/conda/feedstock_root/build_artifacts/gcc_compilers_1695216551398/_h_env_placehold_placehold_placehold_placehold_placehold_placehold_placehold_placehold_placehold_placehold_placehold_placehold_placehold_placehold_placehold_placehold_placehold_placeho --with-slibdir=/home/conda/feedstock_root/build_artifacts/gcc_compilers_1695216551398/_h_env_placehold_placehold_placehold_placehold_placehold_placehold_placehold_placehold_placehold_placehold_placehold_placehold_placehold_placehold_placehold_placehold_placehold_placeho/lib --libdir=/home/conda/feedstock_root/build_artifacts/gcc_compilers_1695216551398/_h_env_placehold_placehold_placehold_placehold_placehold_placehold_placehold_placehold_placehold_placehold_placehold_placehold_placehold_placehold_placehold_placehold_placehold_placeho/lib --mandir=/home/conda/feedstock_root/build_artifacts/gcc_compilers_1695216551398/_h_env_placehold_placehold_placehold_placehold_placehold_placehold_placehold_placehold_placehold_placehold_placehold_placehold_placehold_placehold_placehold_placehold_placehold_placeho/man --build=x86_64-conda-linux-gnu --host=x86_64-conda-linux-gnu --target=x86_64-conda-linux-gnu --enable-default-pie --enable-languages=c,c++,fortran,objc,obj-c++ --enable-__cxa_atexit --disable-libmudflap --enable-libgomp --disable-libssp --enable-libquadmath --enable-libquadmath-support --enable-libsanitizer --enable-lto --enable-threads=posix --enable-target-optspace --enable-plugin --enable-gold --disable-nls --disable-bootstrap --disable-multilib --enable-long-long --with-sysroot=/home/conda/feedstock_root/build_artifacts/gcc_compilers_1695216551398/_h_env_placehold_placehold_placehold_placehold_placehold_placehold_placehold_placehold_placehold_placehold_placehold_placehold_placehold_placehold_placehold_placehold_placehold_placeho/x86_64-conda-linux-gnu/sysroot --with-build-sysroot=/home/conda/feedstock_root/build_artifacts/gcc_compilers_1695216551398/_build_env/x86_64-conda-linux-gnu/sysroot --with-gxx-include-dir=/home/conda/feedstock_root/build_artifacts/gcc_compilers_1695216551398/_h_env_placehold_placehold_placehold_placehold_placehold_placehold_placehold_placehold_placehold_placehold_placehold_placehold_placehold_placehold_placehold_placehold_placehold_placeho/x86_64-conda-linux-gnu/include/c++/12.3.0 --with-pkgversion='conda-forge gcc 12.3.0-2' --with-bugurl=https://github.com/conda-forge/ctng-compilers-feedstock/issues/new/choose
Thread model: posix
Supported LTO compression algorithms: zlib
gcc version 12.3.0 (conda-forge gcc 12.3.0-2) 
COMPILER_PATH=/home/yang/anaconda3/envs/g4/bin/../libexec/gcc/x86_64-conda-linux-gnu/12.3.0/:/home/yang/anaconda3/envs/g4/bin/../libexec/gcc/:/home/yang/anaconda3/envs/g4/bin/../lib/gcc/x86_64-conda-linux-gnu/12.3.0/../../../../x86_64-conda-linux-gnu/bin/
LIBRARY_PATH=/home/yang/anaconda3/envs/g4/bin/../lib/gcc/x86_64-conda-linux-gnu/12.3.0/:/home/yang/anaconda3/envs/g4/bin/../lib/gcc/:/home/yang/anaconda3/envs/g4/bin/../lib/gcc/x86_64-conda-linux-gnu/12.3.0/../../../../x86_64-conda-linux-gnu/lib/../lib/:/home/yang/anaconda3/envs/g4/bin/../lib/gcc/x86_64-conda-linux-gnu/12.3.0/../../../../lib/:/home/yang/anaconda3/envs/g4/bin/../x86_64-conda-linux-gnu/sysroot/lib/../lib/:/home/yang/anaconda3/envs/g4/bin/../x86_64-conda-linux-gnu/sysroot/usr/lib/../lib/:/home/yang/anaconda3/envs/g4/bin/../lib/gcc/x86_64-conda-linux-gnu/12.3.0/../../../../x86_64-conda-linux-gnu/lib/:/home/yang/anaconda3/envs/g4/bin/../lib/gcc/x86_64-conda-linux-gnu/12.3.0/../../../:/home/yang/anaconda3/envs/g4/bin/../x86_64-conda-linux-gnu/sysroot/lib/:/home/yang/anaconda3/envs/g4/bin/../x86_64-conda-linux-gnu/sysroot/usr/lib/
COLLECT_GCC_OPTIONS='-fvisibility-inlines-hidden' '-fmessage-length=0' '-march=nocona' '-mtune=haswell' '-ftree-vectorize' '-fPIC' '-fstack-protector-strong' '-fno-plt' '-O2' '-ffunction-sections' '-pipe' '-isystem' '/home/yang/anaconda3/envs/g4/include' '-L/home/yang/anaconda3/envs/g4/lib' '-v' '-o' 'cmTC_da3fa' '-shared-libgcc' '-dumpdir' 'cmTC_da3fa.'
 /home/yang/anaconda3/envs/g4/bin/../libexec/gcc/x86_64-conda-linux-gnu/12.3.0/collect2 -plugin /home/yang/anaconda3/envs/g4/bin/../libexec/gcc/x86_64-conda-linux-gnu/12.3.0/liblto_plugin.so -plugin-opt=/home/yang/anaconda3/envs/g4/bin/../libexec/gcc/x86_64-conda-linux-gnu/12.3.0/lto-wrapper -plugin-opt=-fresolution=/tmp/ccbdCQii.res -plugin-opt=-pass-through=-lgcc_s -plugin-opt=-pass-through=-lgcc -plugin-opt=-pass-through=-lc -plugin-opt=-pass-through=-lgcc_s -plugin-opt=-pass-through=-lgcc --sysroot=/home/yang/anaconda3/envs/g4/bin/../x86_64-conda-linux-gnu/sysroot --eh-frame-hdr -m elf_x86_64 -dynamic-linker /lib64/ld-linux-x86-64.so.2 -pie -o cmTC_da3fa /home/yang/anaconda3/envs/g4/bin/../x86_64-conda-linux-gnu/sysroot/usr/lib/../lib/Scrt1.o /home/yang/anaconda3/envs/g4/bin/../x86_64-conda-linux-gnu/sysroot/usr/lib/../lib/crti.o /home/yang/anaconda3/envs/g4/bin/../lib/gcc/x86_64-conda-linux-gnu/12.3.0/crtbeginS.o -L/home/yang/anaconda3/envs/g4/lib -L/home/yang/anaconda3/envs/g4/bin/../lib/gcc/x86_64-conda-linux-gnu/12.3.0 -L/home/yang/anaconda3/envs/g4/bin/../lib/gcc -L/home/yang/anaconda3/envs/g4/bin/../lib/gcc/x86_64-conda-linux-gnu/12.3.0/../../../../x86_64-conda-linux-gnu/lib/../lib -L/home/yang/anaconda3/envs/g4/bin/../lib/gcc/x86_64-conda-linux-gnu/12.3.0/../../../../lib -L/home/yang/anaconda3/envs/g4/bin/../x86_64-conda-linux-gnu/sysroot/lib/../lib -L/home/yang/anaconda3/envs/g4/bin/../x86_64-conda-linux-gnu/sysroot/usr/lib/../lib -L/home/yang/anaconda3/envs/g4/bin/../lib/gcc/x86_64-conda-linux-gnu/12.3.0/../../../../x86_64-conda-linux-gnu/lib -L/home/yang/anaconda3/envs/g4/bin/../lib/gcc/x86_64-conda-linux-gnu/12.3.0/../../.. -L/home/yang/anaconda3/envs/g4/bin/../x86_64-conda-linux-gnu/sysroot/lib -L/home/yang/anaconda3/envs/g4/bin/../x86_64-conda-linux-gnu/sysroot/usr/lib -O2 --sort-common --as-needed -z relro -z now --disable-new-dtags --gc-sections --allow-shlib-undefined -rpath /home/yang/anaconda3/envs/g4/lib -rpath-link /home/yang/anaconda3/envs/g4/lib CMakeFiles/cmTC_da3fa.dir/CMakeCXXCompilerABI.cpp.o -lstdc++ -lm -lgcc_s -lgcc -lc -lgcc_s -lgcc /home/yang/anaconda3/envs/g4/bin/../lib/gcc/x86_64-conda-linux-gnu/12.3.0/crtendS.o /home/yang/anaconda3/envs/g4/bin/../x86_64-conda-linux-gnu/sysroot/usr/lib/../lib/crtn.o -rpath /home/yang/anaconda3/envs/g4/lib
COLLECT_GCC_OPTIONS='-fvisibility-inlines-hidden' '-fmessage-length=0' '-march=nocona' '-mtune=haswell' '-ftree-vectorize' '-fPIC' '-fstack-protector-strong' '-fno-plt' '-O2' '-ffunction-sections' '-pipe' '-isystem' '/home/yang/anaconda3/envs/g4/include' '-L/home/yang/anaconda3/envs/g4/lib' '-v' '-o' 'cmTC_da3fa' '-shared-libgcc' '-dumpdir' 'cmTC_da3fa.'
gmake[1]: Leaving directory '/home/yang/VM_connection/workspace/B4a/build/CMakeFiles/CMakeTmp'



Parsed CXX implicit include dir info from above output: rv=done
  found start of include info
  found start of implicit include info
    add: [/home/yang/anaconda3/envs/g4/include]
    add: [/home/yang/anaconda3/envs/g4/bin/../lib/gcc/x86_64-conda-linux-gnu/12.3.0/include]
    add: [/home/yang/anaconda3/envs/g4/bin/../lib/gcc/x86_64-conda-linux-gnu/12.3.0/include-fixed]
    add: [/home/yang/anaconda3/envs/g4/bin/../lib/gcc/x86_64-conda-linux-gnu/12.3.0/../../../../x86_64-conda-linux-gnu/include]
    add: [/home/yang/anaconda3/envs/g4/bin/../lib/gcc/../../x86_64-conda-linux-gnu/include/c++/12.3.0]
    add: [/home/yang/anaconda3/envs/g4/bin/../lib/gcc/../../x86_64-conda-linux-gnu/include/c++/12.3.0/x86_64-conda-linux-gnu]
    add: [/home/yang/anaconda3/envs/g4/bin/../lib/gcc/../../x86_64-conda-linux-gnu/include/c++/12.3.0/backward]
    add: [/home/yang/anaconda3/envs/g4/bin/../x86_64-conda-linux-gnu/sysroot/usr/include]
  end of search list found
  collapse include dir [/home/yang/anaconda3/envs/g4/include] ==> [/home/yang/anaconda3/envs/g4/include]
  collapse include dir [/home/yang/anaconda3/envs/g4/bin/../lib/gcc/x86_64-conda-linux-gnu/12.3.0/include] ==> [/home/yang/anaconda3/envs/g4/lib/gcc/x86_64-conda-linux-gnu/12.3.0/include]
  collapse include dir [/home/yang/anaconda3/envs/g4/bin/../lib/gcc/x86_64-conda-linux-gnu/12.3.0/include-fixed] ==> [/home/yang/anaconda3/envs/g4/lib/gcc/x86_64-conda-linux-gnu/12.3.0/include-fixed]
  collapse include dir [/home/yang/anaconda3/envs/g4/bin/../lib/gcc/x86_64-conda-linux-gnu/12.3.0/../../../../x86_64-conda-linux-gnu/include] ==> [/home/yang/anaconda3/envs/g4/x86_64-conda-linux-gnu/include]
  collapse include dir [/home/yang/anaconda3/envs/g4/bin/../lib/gcc/../../x86_64-conda-linux-gnu/include/c++/12.3.0] ==> [/home/yang/anaconda3/envs/g4/x86_64-conda-linux-gnu/include/c++/12.3.0]
  collapse include dir [/home/yang/anaconda3/envs/g4/bin/../lib/gcc/../../x86_64-conda-linux-gnu/include/c++/12.3.0/x86_64-conda-linux-gnu] ==> [/home/yang/anaconda3/envs/g4/x86_64-conda-linux-gnu/include/c++/12.3.0/x86_64-conda-linux-gnu]
  collapse include dir [/home/yang/anaconda3/envs/g4/bin/../lib/gcc/../../x86_64-conda-linux-gnu/include/c++/12.3.0/backward] ==> [/home/yang/anaconda3/envs/g4/x86_64-conda-linux-gnu/include/c++/12.3.0/backward]
  collapse include dir [/home/yang/anaconda3/envs/g4/bin/../x86_64-conda-linux-gnu/sysroot/usr/include] ==> [/home/yang/anaconda3/envs/g4/x86_64-conda-linux-gnu/sysroot/usr/include]
  implicit include dirs: [/home/yang/anaconda3/envs/g4/include;/home/yang/anaconda3/envs/g4/lib/gcc/x86_64-conda-linux-gnu/12.3.0/include;/home/yang/anaconda3/envs/g4/lib/gcc/x86_64-conda-linux-gnu/12.3.0/include-fixed;/home/yang/anaconda3/envs/g4/x86_64-conda-linux-gnu/include;/home/yang/anaconda3/envs/g4/x86_64-conda-linux-gnu/include/c++/12.3.0;/home/yang/anaconda3/envs/g4/x86_64-conda-linux-gnu/include/c++/12.3.0/x86_64-conda-linux-gnu;/home/yang/anaconda3/envs/g4/x86_64-conda-linux-gnu/include/c++/12.3.0/backward;/home/yang/anaconda3/envs/g4/x86_64-conda-linux-gnu/sysroot/usr/include]


Parsed CXX implicit link information from above output:
  link line regex: [^( *|.*[/\])(x86_64-conda-linux-gnu-ld|CMAKE_LINK_STARTFILE-NOTFOUND|([^/\]+-)?ld|collect2)[^/\]*( |$)]
  ignore line: [Change Dir: /home/yang/VM_connection/workspace/B4a/build/CMakeFiles/CMakeTmp]
  ignore line: []
  ignore line: [Run Build Command(s):/usr/bin/gmake -f Makefile cmTC_da3fa/fast && /usr/bin/gmake  -f CMakeFiles/cmTC_da3fa.dir/build.make CMakeFiles/cmTC_da3fa.dir/build]
  ignore line: [gmake[1]: Entering directory '/home/yang/VM_connection/workspace/B4a/build/CMakeFiles/CMakeTmp']
  ignore line: [Building CXX object CMakeFiles/cmTC_da3fa.dir/CMakeCXXCompilerABI.cpp.o]
  ignore line: [/home/yang/anaconda3/envs/g4/bin/x86_64-conda-linux-gnu-c++   -fvisibility-inlines-hidden -fmessage-length=0 -march=nocona -mtune=haswell -ftree-vectorize -fPIC -fstack-protector-strong -fno-plt -O2 -ffunction-sections -pipe -isystem /home/yang/anaconda3/envs/g4/include    -v -o CMakeFiles/cmTC_da3fa.dir/CMakeCXXCompilerABI.cpp.o -c /usr/share/cmake-3.22/Modules/CMakeCXXCompilerABI.cpp]
  ignore line: [Reading specs from /home/yang/anaconda3/envs/g4/bin/../lib/gcc/x86_64-conda-linux-gnu/12.3.0/specs]
  ignore line: [could not find specs file conda.specs]
  ignore line: [COLLECT_GCC=/home/yang/anaconda3/envs/g4/bin/x86_64-conda-linux-gnu-c++]
  ignore line: [Target: x86_64-conda-linux-gnu]
  ignore line: [Configured with: ../configure --prefix=/home/conda/feedstock_root/build_artifacts/gcc_compilers_1695216551398/_h_env_placehold_placehold_placehold_placehold_placehold_placehold_placehold_placehold_placehold_placehold_placehold_placehold_placehold_placehold_placehold_placehold_placehold_placeho --with-slibdir=/home/conda/feedstock_root/build_artifacts/gcc_compilers_1695216551398/_h_env_placehold_placehold_placehold_placehold_placehold_placehold_placehold_placehold_placehold_placehold_placehold_placehold_placehold_placehold_placehold_placehold_placehold_placeho/lib --libdir=/home/conda/feedstock_root/build_artifacts/gcc_compilers_1695216551398/_h_env_placehold_placehold_placehold_placehold_placehold_placehold_placehold_placehold_placehold_placehold_placehold_placehold_placehold_placehold_placehold_placehold_placehold_placeho/lib --mandir=/home/conda/feedstock_root/build_artifacts/gcc_compilers_1695216551398/_h_env_placehold_placehold_placehold_placehold_placehold_placehold_placehold_placehold_placehold_placehold_placehold_placehold_placehold_placehold_placehold_placehold_placehold_placeho/man --build=x86_64-conda-linux-gnu --host=x86_64-conda-linux-gnu --target=x86_64-conda-linux-gnu --enable-default-pie --enable-languages=c c++ fortran objc obj-c++ --enable-__cxa_atexit --disable-libmudflap --enable-libgomp --disable-libssp --enable-libquadmath --enable-libquadmath-support --enable-libsanitizer --enable-lto --enable-threads=posix --enable-target-optspace --enable-plugin --enable-gold --disable-nls --disable-bootstrap --disable-multilib --enable-long-long --with-sysroot=/home/conda/feedstock_root/build_artifacts/gcc_compilers_1695216551398/_h_env_placehold_placehold_placehold_placehold_placehold_placehold_placehold_placehold_placehold_placehold_placehold_placehold_placehold_placehold_placehold_placehold_placehold_placeho/x86_64-conda-linux-gnu/sysroot --with-build-sysroot=/home/conda/feedstock_root/build_artifacts/gcc_compilers_1695216551398/_build_env/x86_64-conda-linux-gnu/sysroot --with-gxx-include-dir=/home/conda/feedstock_root/build_artifacts/gcc_compilers_1695216551398/_h_env_placehold_placehold_placehold_placehold_placehold_placehold_placehold_placehold_placehold_placehold_placehold_placehold_placehold_placehold_placehold_placehold_placehold_placeho/x86_64-conda-linux-gnu/include/c++/12.3.0 --with-pkgversion='conda-forge gcc 12.3.0-2' --with-bugurl=https://github.com/conda-forge/ctng-compilers-feedstock/issues/new/choose]
  ignore line: [Thread model: posix]
  ignore line: [Supported LTO compression algorithms: zlib]
  ignore line: [gcc version 12.3.0 (conda-forge gcc 12.3.0-2) ]
  ignore line: [COLLECT_GCC_OPTIONS='-fvisibility-inlines-hidden' '-fmessage-length=0' '-march=nocona' '-mtune=haswell' '-ftree-vectorize' '-fPIC' '-fstack-protector-strong' '-fno-plt' '-O2' '-ffunction-sections' '-pipe' '-isystem' '/home/yang/anaconda3/envs/g4/include' '-v' '-o' 'CMakeFiles/cmTC_da3fa.dir/CMakeCXXCompilerABI.cpp.o' '-c' '-shared-libgcc' '-dumpdir' 'CMakeFiles/cmTC_da3fa.dir/']
  ignore line: [ /home/yang/anaconda3/envs/g4/bin/../libexec/gcc/x86_64-conda-linux-gnu/12.3.0/cc1plus -quiet -v -iprefix /home/yang/anaconda3/envs/g4/bin/../lib/gcc/x86_64-conda-linux-gnu/12.3.0/ -isysroot /home/yang/anaconda3/envs/g4/bin/../x86_64-conda-linux-gnu/sysroot -D_GNU_SOURCE -isystem /home/yang/anaconda3/envs/g4/include /usr/share/cmake-3.22/Modules/CMakeCXXCompilerABI.cpp -quiet -dumpdir CMakeFiles/cmTC_da3fa.dir/ -dumpbase CMakeCXXCompilerABI.cpp.cpp -dumpbase-ext .cpp -march=nocona -mtune=haswell -O2 -version -fvisibility-inlines-hidden -fmessage-length=0 -ftree-vectorize -fPIC -fstack-protector-strong -fno-plt -ffunction-sections -o - |]
  ignore line: [ /home/yang/anaconda3/envs/g4/bin/../lib/gcc/x86_64-conda-linux-gnu/12.3.0/../../../../x86_64-conda-linux-gnu/bin/as -v --64 -o CMakeFiles/cmTC_da3fa.dir/CMakeCXXCompilerABI.cpp.o]
  ignore line: [GNU assembler version 2.40 (x86_64-conda-linux-gnu) using BFD version (GNU Binutils) 2.40]
  ignore line: [GNU C++17 (conda-forge gcc 12.3.0-2) version 12.3.0 (x86_64-conda-linux-gnu)]
  ignore line: [	compiled by GNU C version 12.3.0  GMP version 6.2.1  MPFR version 4.1.0  MPC version 1.2.1  isl version isl-0.24-GMP]
  ignore line: []
  ignore line: [GGC heuristics: --param ggc-min-expand=100 --param ggc-min-heapsize=131072]
  ignore line: [ignoring duplicate directory "/home/yang/anaconda3/envs/g4/bin/../lib/gcc/../../lib/gcc/x86_64-conda-linux-gnu/12.3.0/include"]
  ignore line: [ignoring nonexistent directory "/home/yang/anaconda3/envs/g4/bin/../x86_64-conda-linux-gnu/sysroot/usr/local/include"]
  ignore line: [ignoring duplicate directory "/home/yang/anaconda3/envs/g4/bin/../lib/gcc/../../lib/gcc/x86_64-conda-linux-gnu/12.3.0/include-fixed"]
  ignore line: [ignoring duplicate directory "/home/yang/anaconda3/envs/g4/bin/../lib/gcc/../../lib/gcc/x86_64-conda-linux-gnu/12.3.0/../../../../x86_64-conda-linux-gnu/include"]
  ignore line: [#include "..." search starts here:]
  ignore line: [#include <...> search starts here:]
  ignore line: [ /home/yang/anaconda3/envs/g4/include]
  ignore line: [ /home/yang/anaconda3/envs/g4/bin/../lib/gcc/x86_64-conda-linux-gnu/12.3.0/include]
  ignore line: [ /home/yang/anaconda3/envs/g4/bin/../lib/gcc/x86_64-conda-linux-gnu/12.3.0/include-fixed]
  ignore line: [ /home/yang/anaconda3/envs/g4/bin/../lib/gcc/x86_64-conda-linux-gnu/12.3.0/../../../../x86_64-conda-linux-gnu/include]
  ignore line: [ /home/yang/anaconda3/envs/g4/bin/../lib/gcc/../../x86_64-conda-linux-gnu/include/c++/12.3.0]
  ignore line: [ /home/yang/anaconda3/envs/g4/bin/../lib/gcc/../../x86_64-conda-linux-gnu/include/c++/12.3.0/x86_64-conda-linux-gnu]
  ignore line: [ /home/yang/anaconda3/envs/g4/bin/../lib/gcc/../../x86_64-conda-linux-gnu/include/c++/12.3.0/backward]
  ignore line: [ /home/yang/anaconda3/envs/g4/bin/../x86_64-conda-linux-gnu/sysroot/usr/include]
  ignore line: [End of search list.]
  ignore line: [GNU C++17 (conda-forge gcc 12.3.0-2) version 12.3.0 (x86_64-conda-linux-gnu)]
  ignore line: [	compiled by GNU C version 12.3.0  GMP version 6.2.1  MPFR version 4.1.0  MPC version 1.2.1  isl version isl-0.24-GMP]
  ignore line: []
  ignore line: [GGC heuristics: --param ggc-min-expand=100 --param ggc-min-heapsize=131072]
  ignore line: [Compiler executable checksum: f622d6a2bdcd923eedcca8cdcedb5e48]
  ignore line: [COMPILER_PATH=/home/yang/anaconda3/envs/g4/bin/../libexec/gcc/x86_64-conda-linux-gnu/12.3.0/:/home/yang/anaconda3/envs/g4/bin/../libexec/gcc/:/home/yang/anaconda3/envs/g4/bin/../lib/gcc/x86_64-conda-linux-gnu/12.3.0/../../../../x86_64-conda-linux-gnu/bin/]
  ignore line: [LIBRARY_PATH=/home/yang/anaconda3/envs/g4/bin/../lib/gcc/x86_64-conda-linux-gnu/12.3.0/:/home/yang/anaconda3/envs/g4/bin/../lib/gcc/:/home/yang/anaconda3/envs/g4/bin/../lib/gcc/x86_64-conda-linux-gnu/12.3.0/../../../../x86_64-conda-linux-gnu/lib/../lib/:/home/yang/anaconda3/envs/g4/bin/../lib/gcc/x86_64-conda-linux-gnu/12.3.0/../../../../lib/:/home/yang/anaconda3/envs/g4/bin/../x86_64-conda-linux-gnu/sysroot/lib/../lib/:/home/yang/anaconda3/envs/g4/bin/../x86_64-conda-linux-gnu/sysroot/usr/lib/../lib/:/home/yang/anaconda3/envs/g4/bin/../lib/gcc/x86_64-conda-linux-gnu/12.3.0/../../../../x86_64-conda-linux-gnu/lib/:/home/yang/anaconda3/envs/g4/bin/../lib/gcc/x86_64-conda-linux-gnu/12.3.0/../../../:/home/yang/anaconda3/envs/g4/bin/../x86_64-conda-linux-gnu/sysroot/lib/:/home/yang/anaconda3/envs/g4/bin/../x86_64-conda-linux-gnu/sysroot/usr/lib/]
  ignore line: [COLLECT_GCC_OPTIONS='-fvisibility-inlines-hidden' '-fmessage-length=0' '-march=nocona' '-mtune=haswell' '-ftree-vectorize' '-fPIC' '-fstack-protector-strong' '-fno-plt' '-O2' '-ffunction-sections' '-pipe' '-isystem' '/home/yang/anaconda3/envs/g4/include' '-v' '-o' 'CMakeFiles/cmTC_da3fa.dir/CMakeCXXCompilerABI.cpp.o' '-c' '-shared-libgcc' '-dumpdir' 'CMakeFiles/cmTC_da3fa.dir/CMakeCXXCompilerABI.cpp.']
  ignore line: [Linking CXX executable cmTC_da3fa]
  ignore line: [/usr/bin/cmake -E cmake_link_script CMakeFiles/cmTC_da3fa.dir/link.txt --verbose=1]
  ignore line: [/home/yang/anaconda3/envs/g4/bin/x86_64-conda-linux-gnu-c++ -fvisibility-inlines-hidden -fmessage-length=0 -march=nocona -mtune=haswell -ftree-vectorize -fPIC -fstack-protector-strong -fno-plt -O2 -ffunction-sections -pipe -isystem /home/yang/anaconda3/envs/g4/include  -Wl -O2 -Wl --sort-common -Wl --as-needed -Wl -z relro -Wl -z now -Wl --disable-new-dtags -Wl --gc-sections -Wl --allow-shlib-undefined -Wl -rpath /home/yang/anaconda3/envs/g4/lib -Wl -rpath-link /home/yang/anaconda3/envs/g4/lib -L/home/yang/anaconda3/envs/g4/lib -v CMakeFiles/cmTC_da3fa.dir/CMakeCXXCompilerABI.cpp.o -o cmTC_da3fa ]
  ignore line: [Reading specs from /home/yang/anaconda3/envs/g4/bin/../lib/gcc/x86_64-conda-linux-gnu/12.3.0/specs]
  ignore line: [could not find specs file conda.specs]
  ignore line: [COLLECT_GCC=/home/yang/anaconda3/envs/g4/bin/x86_64-conda-linux-gnu-c++]
  ignore line: [COLLECT_LTO_WRAPPER=/home/yang/anaconda3/envs/g4/bin/../libexec/gcc/x86_64-conda-linux-gnu/12.3.0/lto-wrapper]
  ignore line: [Target: x86_64-conda-linux-gnu]
  ignore line: [Configured with: ../configure --prefix=/home/conda/feedstock_root/build_artifacts/gcc_compilers_1695216551398/_h_env_placehold_placehold_placehold_placehold_placehold_placehold_placehold_placehold_placehold_placehold_placehold_placehold_placehold_placehold_placehold_placehold_placehold_placeho --with-slibdir=/home/conda/feedstock_root/build_artifacts/gcc_compilers_1695216551398/_h_env_placehold_placehold_placehold_placehold_placehold_placehold_placehold_placehold_placehold_placehold_placehold_placehold_placehold_placehold_placehold_placehold_placehold_placeho/lib --libdir=/home/conda/feedstock_root/build_artifacts/gcc_compilers_1695216551398/_h_env_placehold_placehold_placehold_placehold_placehold_placehold_placehold_placehold_placehold_placehold_placehold_placehold_placehold_placehold_placehold_placehold_placehold_placeho/lib --mandir=/home/conda/feedstock_root/build_artifacts/gcc_compilers_1695216551398/_h_env_placehold_placehold_placehold_placehold_placehold_placehold_placehold_placehold_placehold_placehold_placehold_placehold_placehold_placehold_placehold_placehold_placehold_placeho/man --build=x86_64-conda-linux-gnu --host=x86_64-conda-linux-gnu --target=x86_64-conda-linux-gnu --enable-default-pie --enable-languages=c c++ fortran objc obj-c++ --enable-__cxa_atexit --disable-libmudflap --enable-libgomp --disable-libssp --enable-libquadmath --enable-libquadmath-support --enable-libsanitizer --enable-lto --enable-threads=posix --enable-target-optspace --enable-plugin --enable-gold --disable-nls --disable-bootstrap --disable-multilib --enable-long-long --with-sysroot=/home/conda/feedstock_root/build_artifacts/gcc_compilers_1695216551398/_h_env_placehold_placehold_placehold_placehold_placehold_placehold_placehold_placehold_placehold_placehold_placehold_placehold_placehold_placehold_placehold_placehold_placehold_placeho/x86_64-conda-linux-gnu/sysroot --with-build-sysroot=/home/conda/feedstock_root/build_artifacts/gcc_compilers_1695216551398/_build_env/x86_64-conda-linux-gnu/sysroot --with-gxx-include-dir=/home/conda/feedstock_root/build_artifacts/gcc_compilers_1695216551398/_h_env_placehold_placehold_placehold_placehold_placehold_placehold_placehold_placehold_placehold_placehold_placehold_placehold_placehold_placehold_placehold_placehold_placehold_placeho/x86_64-conda-linux-gnu/include/c++/12.3.0 --with-pkgversion='conda-forge gcc 12.3.0-2' --with-bugurl=https://github.com/conda-forge/ctng-compilers-feedstock/issues/new/choose]
  ignore line: [Thread model: posix]
  ignore line: [Supported LTO compression algorithms: zlib]
  ignore line: [gcc version 12.3.0 (conda-forge gcc 12.3.0-2) ]
  ignore line: [COMPILER_PATH=/home/yang/anaconda3/envs/g4/bin/../libexec/gcc/x86_64-conda-linux-gnu/12.3.0/:/home/yang/anaconda3/envs/g4/bin/../libexec/gcc/:/home/yang/anaconda3/envs/g4/bin/../lib/gcc/x86_64-conda-linux-gnu/12.3.0/../../../../x86_64-conda-linux-gnu/bin/]
  ignore line: [LIBRARY_PATH=/home/yang/anaconda3/envs/g4/bin/../lib/gcc/x86_64-conda-linux-gnu/12.3.0/:/home/yang/anaconda3/envs/g4/bin/../lib/gcc/:/home/yang/anaconda3/envs/g4/bin/../lib/gcc/x86_64-conda-linux-gnu/12.3.0/../../../../x86_64-conda-linux-gnu/lib/../lib/:/home/yang/anaconda3/envs/g4/bin/../lib/gcc/x86_64-conda-linux-gnu/12.3.0/../../../../lib/:/home/yang/anaconda3/envs/g4/bin/../x86_64-conda-linux-gnu/sysroot/lib/../lib/:/home/yang/anaconda3/envs/g4/bin/../x86_64-conda-linux-gnu/sysroot/usr/lib/../lib/:/home/yang/anaconda3/envs/g4/bin/../lib/gcc/x86_64-conda-linux-gnu/12.3.0/../../../../x86_64-conda-linux-gnu/lib/:/home/yang/anaconda3/envs/g4/bin/../lib/gcc/x86_64-conda-linux-gnu/12.3.0/../../../:/home/yang/anaconda3/envs/g4/bin/../x86_64-conda-linux-gnu/sysroot/lib/:/home/yang/anaconda3/envs/g4/bin/../x86_64-conda-linux-gnu/sysroot/usr/lib/]
  ignore line: [COLLECT_GCC_OPTIONS='-fvisibility-inlines-hidden' '-fmessage-length=0' '-march=nocona' '-mtune=haswell' '-ftree-vectorize' '-fPIC' '-fstack-protector-strong' '-fno-plt' '-O2' '-ffunction-sections' '-pipe' '-isystem' '/home/yang/anaconda3/envs/g4/include' '-L/home/yang/anaconda3/envs/g4/lib' '-v' '-o' 'cmTC_da3fa' '-shared-libgcc' '-dumpdir' 'cmTC_da3fa.']
  link line: [ /home/yang/anaconda3/envs/g4/bin/../libexec/gcc/x86_64-conda-linux-gnu/12.3.0/collect2 -plugin /home/yang/anaconda3/envs/g4/bin/../libexec/gcc/x86_64-conda-linux-gnu/12.3.0/liblto_plugin.so -plugin-opt=/home/yang/anaconda3/envs/g4/bin/../libexec/gcc/x86_64-conda-linux-gnu/12.3.0/lto-wrapper -plugin-opt=-fresolution=/tmp/ccbdCQii.res -plugin-opt=-pass-through=-lgcc_s -plugin-opt=-pass-through=-lgcc -plugin-opt=-pass-through=-lc -plugin-opt=-pass-through=-lgcc_s -plugin-opt=-pass-through=-lgcc --sysroot=/home/yang/anaconda3/envs/g4/bin/../x86_64-conda-linux-gnu/sysroot --eh-frame-hdr -m elf_x86_64 -dynamic-linker /lib64/ld-linux-x86-64.so.2 -pie -o cmTC_da3fa /home/yang/anaconda3/envs/g4/bin/../x86_64-conda-linux-gnu/sysroot/usr/lib/../lib/Scrt1.o /home/yang/anaconda3/envs/g4/bin/../x86_64-conda-linux-gnu/sysroot/usr/lib/../lib/crti.o /home/yang/anaconda3/envs/g4/bin/../lib/gcc/x86_64-conda-linux-gnu/12.3.0/crtbeginS.o -L/home/yang/anaconda3/envs/g4/lib -L/home/yang/anaconda3/envs/g4/bin/../lib/gcc/x86_64-conda-linux-gnu/12.3.0 -L/home/yang/anaconda3/envs/g4/bin/../lib/gcc -L/home/yang/anaconda3/envs/g4/bin/../lib/gcc/x86_64-conda-linux-gnu/12.3.0/../../../../x86_64-conda-linux-gnu/lib/../lib -L/home/yang/anaconda3/envs/g4/bin/../lib/gcc/x86_64-conda-linux-gnu/12.3.0/../../../../lib -L/home/yang/anaconda3/envs/g4/bin/../x86_64-conda-linux-gnu/sysroot/lib/../lib -L/home/yang/anaconda3/envs/g4/bin/../x86_64-conda-linux-gnu/sysroot/usr/lib/../lib -L/home/yang/anaconda3/envs/g4/bin/../lib/gcc/x86_64-conda-linux-gnu/12.3.0/../../../../x86_64-conda-linux-gnu/lib -L/home/yang/anaconda3/envs/g4/bin/../lib/gcc/x86_64-conda-linux-gnu/12.3.0/../../.. -L/home/yang/anaconda3/envs/g4/bin/../x86_64-conda-linux-gnu/sysroot/lib -L/home/yang/anaconda3/envs/g4/bin/../x86_64-conda-linux-gnu/sysroot/usr/lib -O2 --sort-common --as-needed -z relro -z now --disable-new-dtags --gc-sections --allow-shlib-undefined -rpath /home/yang/anaconda3/envs/g4/lib -rpath-link /home/yang/anaconda3/envs/g4/lib CMakeFiles/cmTC_da3fa.dir/CMakeCXXCompilerABI.cpp.o -lstdc++ -lm -lgcc_s -lgcc -lc -lgcc_s -lgcc /home/yang/anaconda3/envs/g4/bin/../lib/gcc/x86_64-conda-linux-gnu/12.3.0/crtendS.o /home/yang/anaconda3/envs/g4/bin/../x86_64-conda-linux-gnu/sysroot/usr/lib/../lib/crtn.o -rpath /home/yang/anaconda3/envs/g4/lib]
    arg [/home/yang/anaconda3/envs/g4/bin/../libexec/gcc/x86_64-conda-linux-gnu/12.3.0/collect2] ==> ignore
    arg [-plugin] ==> ignore
    arg [/home/yang/anaconda3/envs/g4/bin/../libexec/gcc/x86_64-conda-linux-gnu/12.3.0/liblto_plugin.so] ==> ignore
    arg [-plugin-opt=/home/yang/anaconda3/envs/g4/bin/../libexec/gcc/x86_64-conda-linux-gnu/12.3.0/lto-wrapper] ==> ignore
    arg [-plugin-opt=-fresolution=/tmp/ccbdCQii.res] ==> ignore
    arg [-plugin-opt=-pass-through=-lgcc_s] ==> ignore
    arg [-plugin-opt=-pass-through=-lgcc] ==> ignore
    arg [-plugin-opt=-pass-through=-lc] ==> ignore
    arg [-plugin-opt=-pass-through=-lgcc_s] ==> ignore
    arg [-plugin-opt=-pass-through=-lgcc] ==> ignore
    arg [--sysroot=/home/yang/anaconda3/envs/g4/bin/../x86_64-conda-linux-gnu/sysroot] ==> ignore
    arg [--eh-frame-hdr] ==> ignore
    arg [-m] ==> ignore
    arg [elf_x86_64] ==> ignore
    arg [-dynamic-linker] ==> ignore
    arg [/lib64/ld-linux-x86-64.so.2] ==> ignore
    arg [-pie] ==> ignore
    arg [-o] ==> ignore
    arg [cmTC_da3fa] ==> ignore
    arg [/home/yang/anaconda3/envs/g4/bin/../x86_64-conda-linux-gnu/sysroot/usr/lib/../lib/Scrt1.o] ==> obj [/home/yang/anaconda3/envs/g4/bin/../x86_64-conda-linux-gnu/sysroot/usr/lib/../lib/Scrt1.o]
    arg [/home/yang/anaconda3/envs/g4/bin/../x86_64-conda-linux-gnu/sysroot/usr/lib/../lib/crti.o] ==> obj [/home/yang/anaconda3/envs/g4/bin/../x86_64-conda-linux-gnu/sysroot/usr/lib/../lib/crti.o]
    arg [/home/yang/anaconda3/envs/g4/bin/../lib/gcc/x86_64-conda-linux-gnu/12.3.0/crtbeginS.o] ==> obj [/home/yang/anaconda3/envs/g4/bin/../lib/gcc/x86_64-conda-linux-gnu/12.3.0/crtbeginS.o]
    arg [-L/home/yang/anaconda3/envs/g4/lib] ==> dir [/home/yang/anaconda3/envs/g4/lib]
    arg [-L/home/yang/anaconda3/envs/g4/bin/../lib/gcc/x86_64-conda-linux-gnu/12.3.0] ==> dir [/home/yang/anaconda3/envs/g4/bin/../lib/gcc/x86_64-conda-linux-gnu/12.3.0]
    arg [-L/home/yang/anaconda3/envs/g4/bin/../lib/gcc] ==> dir [/home/yang/anaconda3/envs/g4/bin/../lib/gcc]
    arg [-L/home/yang/anaconda3/envs/g4/bin/../lib/gcc/x86_64-conda-linux-gnu/12.3.0/../../../../x86_64-conda-linux-gnu/lib/../lib] ==> dir [/home/yang/anaconda3/envs/g4/bin/../lib/gcc/x86_64-conda-linux-gnu/12.3.0/../../../../x86_64-conda-linux-gnu/lib/../lib]
    arg [-L/home/yang/anaconda3/envs/g4/bin/../lib/gcc/x86_64-conda-linux-gnu/12.3.0/../../../../lib] ==> dir [/home/yang/anaconda3/envs/g4/bin/../lib/gcc/x86_64-conda-linux-gnu/12.3.0/../../../../lib]
    arg [-L/home/yang/anaconda3/envs/g4/bin/../x86_64-conda-linux-gnu/sysroot/lib/../lib] ==> dir [/home/yang/anaconda3/envs/g4/bin/../x86_64-conda-linux-gnu/sysroot/lib/../lib]
    arg [-L/home/yang/anaconda3/envs/g4/bin/../x86_64-conda-linux-gnu/sysroot/usr/lib/../lib] ==> dir [/home/yang/anaconda3/envs/g4/bin/../x86_64-conda-linux-gnu/sysroot/usr/lib/../lib]
    arg [-L/home/yang/anaconda3/envs/g4/bin/../lib/gcc/x86_64-conda-linux-gnu/12.3.0/../../../../x86_64-conda-linux-gnu/lib] ==> dir [/home/yang/anaconda3/envs/g4/bin/../lib/gcc/x86_64-conda-linux-gnu/12.3.0/../../../../x86_64-conda-linux-gnu/lib]
    arg [-L/home/yang/anaconda3/envs/g4/bin/../lib/gcc/x86_64-conda-linux-gnu/12.3.0/../../..] ==> dir [/home/yang/anaconda3/envs/g4/bin/../lib/gcc/x86_64-conda-linux-gnu/12.3.0/../../..]
    arg [-L/home/yang/anaconda3/envs/g4/bin/../x86_64-conda-linux-gnu/sysroot/lib] ==> dir [/home/yang/anaconda3/envs/g4/bin/../x86_64-conda-linux-gnu/sysroot/lib]
    arg [-L/home/yang/anaconda3/envs/g4/bin/../x86_64-conda-linux-gnu/sysroot/usr/lib] ==> dir [/home/yang/anaconda3/envs/g4/bin/../x86_64-conda-linux-gnu/sysroot/usr/lib]
    arg [-O2] ==> ignore
    arg [--sort-common] ==> ignore
    arg [--as-needed] ==> ignore
    arg [-zrelro] ==> ignore
    arg [-znow] ==> ignore
    arg [--disable-new-dtags] ==> ignore
    arg [--gc-sections] ==> ignore
    arg [--allow-shlib-undefined] ==> ignore
    arg [-rpath] ==> ignore
    arg [/home/yang/anaconda3/envs/g4/lib] ==> ignore
    arg [-rpath-link] ==> ignore
    arg [/home/yang/anaconda3/envs/g4/lib] ==> ignore
    arg [CMakeFiles/cmTC_da3fa.dir/CMakeCXXCompilerABI.cpp.o] ==> ignore
    arg [-lstdc++] ==> lib [stdc++]
    arg [-lm] ==> lib [m]
    arg [-lgcc_s] ==> lib [gcc_s]
    arg [-lgcc] ==> lib [gcc]
    arg [-lc] ==> lib [c]
    arg [-lgcc_s] ==> lib [gcc_s]
    arg [-lgcc] ==> lib [gcc]
    arg [/home/yang/anaconda3/envs/g4/bin/../lib/gcc/x86_64-conda-linux-gnu/12.3.0/crtendS.o] ==> obj [/home/yang/anaconda3/envs/g4/bin/../lib/gcc/x86_64-conda-linux-gnu/12.3.0/crtendS.o]
    arg [/home/yang/anaconda3/envs/g4/bin/../x86_64-conda-linux-gnu/sysroot/usr/lib/../lib/crtn.o] ==> obj [/home/yang/anaconda3/envs/g4/bin/../x86_64-conda-linux-gnu/sysroot/usr/lib/../lib/crtn.o]
    arg [-rpath] ==> ignore
    arg [/home/yang/anaconda3/envs/g4/lib] ==> ignore
  collapse obj [/home/yang/anaconda3/envs/g4/bin/../x86_64-conda-linux-gnu/sysroot/usr/lib/../lib/Scrt1.o] ==> [/home/yang/anaconda3/envs/g4/x86_64-conda-linux-gnu/sysroot/usr/lib/Scrt1.o]
  collapse obj [/home/yang/anaconda3/envs/g4/bin/../x86_64-conda-linux-gnu/sysroot/usr/lib/../lib/crti.o] ==> [/home/yang/anaconda3/envs/g4/x86_64-conda-linux-gnu/sysroot/usr/lib/crti.o]
  collapse obj [/home/yang/anaconda3/envs/g4/bin/../lib/gcc/x86_64-conda-linux-gnu/12.3.0/crtbeginS.o] ==> [/home/yang/anaconda3/envs/g4/lib/gcc/x86_64-conda-linux-gnu/12.3.0/crtbeginS.o]
  collapse obj [/home/yang/anaconda3/envs/g4/bin/../lib/gcc/x86_64-conda-linux-gnu/12.3.0/crtendS.o] ==> [/home/yang/anaconda3/envs/g4/lib/gcc/x86_64-conda-linux-gnu/12.3.0/crtendS.o]
  collapse obj [/home/yang/anaconda3/envs/g4/bin/../x86_64-conda-linux-gnu/sysroot/usr/lib/../lib/crtn.o] ==> [/home/yang/anaconda3/envs/g4/x86_64-conda-linux-gnu/sysroot/usr/lib/crtn.o]
  collapse library dir [/home/yang/anaconda3/envs/g4/lib] ==> [/home/yang/anaconda3/envs/g4/lib]
  collapse library dir [/home/yang/anaconda3/envs/g4/bin/../lib/gcc/x86_64-conda-linux-gnu/12.3.0] ==> [/home/yang/anaconda3/envs/g4/lib/gcc/x86_64-conda-linux-gnu/12.3.0]
  collapse library dir [/home/yang/anaconda3/envs/g4/bin/../lib/gcc] ==> [/home/yang/anaconda3/envs/g4/lib/gcc]
  collapse library dir [/home/yang/anaconda3/envs/g4/bin/../lib/gcc/x86_64-conda-linux-gnu/12.3.0/../../../../x86_64-conda-linux-gnu/lib/../lib] ==> [/home/yang/anaconda3/envs/g4/x86_64-conda-linux-gnu/lib]
  collapse library dir [/home/yang/anaconda3/envs/g4/bin/../lib/gcc/x86_64-conda-linux-gnu/12.3.0/../../../../lib] ==> [/home/yang/anaconda3/envs/g4/lib]
  collapse library dir [/home/yang/anaconda3/envs/g4/bin/../x86_64-conda-linux-gnu/sysroot/lib/../lib] ==> [/home/yang/anaconda3/envs/g4/x86_64-conda-linux-gnu/sysroot/lib]
  collapse library dir [/home/yang/anaconda3/envs/g4/bin/../x86_64-conda-linux-gnu/sysroot/usr/lib/../lib] ==> [/home/yang/anaconda3/envs/g4/x86_64-conda-linux-gnu/sysroot/usr/lib]
  collapse library dir [/home/yang/anaconda3/envs/g4/bin/../lib/gcc/x86_64-conda-linux-gnu/12.3.0/../../../../x86_64-conda-linux-gnu/lib] ==> [/home/yang/anaconda3/envs/g4/x86_64-conda-linux-gnu/lib]
  collapse library dir [/home/yang/anaconda3/envs/g4/bin/../lib/gcc/x86_64-conda-linux-gnu/12.3.0/../../..] ==> [/home/yang/anaconda3/envs/g4/lib]
  collapse library dir [/home/yang/anaconda3/envs/g4/bin/../x86_64-conda-linux-gnu/sysroot/lib] ==> [/home/yang/anaconda3/envs/g4/x86_64-conda-linux-gnu/sysroot/lib]
  collapse library dir [/home/yang/anaconda3/envs/g4/bin/../x86_64-conda-linux-gnu/sysroot/usr/lib] ==> [/home/yang/anaconda3/envs/g4/x86_64-conda-linux-gnu/sysroot/usr/lib]
  implicit libs: [stdc++;m;gcc_s;gcc;c;gcc_s;gcc]
  implicit objs: [/home/yang/anaconda3/envs/g4/x86_64-conda-linux-gnu/sysroot/usr/lib/Scrt1.o;/home/yang/anaconda3/envs/g4/x86_64-conda-linux-gnu/sysroot/usr/lib/crti.o;/home/yang/anaconda3/envs/g4/lib/gcc/x86_64-conda-linux-gnu/12.3.0/crtbeginS.o;/home/yang/anaconda3/envs/g4/lib/gcc/x86_64-conda-linux-gnu/12.3.0/crtendS.o;/home/yang/anaconda3/envs/g4/x86_64-conda-linux-gnu/sysroot/usr/lib/crtn.o]
  implicit dirs: [/home/yang/anaconda3/envs/g4/lib;/home/yang/anaconda3/envs/g4/lib/gcc/x86_64-conda-linux-gnu/12.3.0;/home/yang/anaconda3/envs/g4/lib/gcc;/home/yang/anaconda3/envs/g4/x86_64-conda-linux-gnu/lib;/home/yang/anaconda3/envs/g4/x86_64-conda-linux-gnu/sysroot/lib;/home/yang/anaconda3/envs/g4/x86_64-conda-linux-gnu/sysroot/usr/lib]
  implicit fwks: []


Determining if the include file pthread.h exists passed with the following output:
Change Dir: /home/yang/VM_connection/workspace/B4a/build/CMakeFiles/CMakeTmp

Run Build Command(s):/usr/bin/gmake -f Makefile cmTC_facc9/fast && /usr/bin/gmake  -f CMakeFiles/cmTC_facc9.dir/build.make CMakeFiles/cmTC_facc9.dir/build
gmake[1]: /home/yang/VM_connection/workspace/B4a/build/CMakeFiles/CMakeTmp
Building C object CMakeFiles/cmTC_facc9.dir/CheckIncludeFile.c.o
/home/yang/anaconda3/envs/g4/bin/x86_64-conda-linux-gnu-cc   -march=nocona -mtune=haswell -ftree-vectorize -fPIC -fstack-protector-strong -fno-plt -O2 -ffunction-sections -pipe -isystem /home/yang/anaconda3/envs/g4/include  -o CMakeFiles/cmTC_facc9.dir/CheckIncludeFile.c.o -c /home/yang/VM_connection/workspace/B4a/build/CMakeFiles/CMakeTmp/CheckIncludeFile.c
Linking C executable cmTC_facc9
/usr/bin/cmake -E cmake_link_script CMakeFiles/cmTC_facc9.dir/link.txt --verbose=1
/home/yang/anaconda3/envs/g4/bin/x86_64-conda-linux-gnu-cc -march=nocona -mtune=haswell -ftree-vectorize -fPIC -fstack-protector-strong -fno-plt -O2 -ffunction-sections -pipe -isystem /home/yang/anaconda3/envs/g4/include  -Wl,-O2 -Wl,--sort-common -Wl,--as-needed -Wl,-z,relro -Wl,-z,now -Wl,--disable-new-dtags -Wl,--gc-sections -Wl,--allow-shlib-undefined -Wl,-rpath,/home/yang/anaconda3/envs/g4/lib -Wl,-rpath-link,/home/yang/anaconda3/envs/g4/lib -L/home/yang/anaconda3/envs/g4/lib  CMakeFiles/cmTC_facc9.dir/CheckIncludeFile.c.o -o cmTC_facc9 
gmake[1]: /home/yang/VM_connection/workspace/B4a/build/CMakeFiles/CMakeTmp



Determining if the function XOpenDisplay exists in the /home/yang/anaconda3/envs/g4/lib/libX11.so;/home/yang/anaconda3/envs/g4/lib/libXext.so passed with the following output:
Change Dir: /home/yang/VM_connection/workspace/B4a/build/CMakeFiles/CMakeTmp

Run Build Command(s):/usr/bin/gmake -f Makefile cmTC_271b3/fast && /usr/bin/gmake  -f CMakeFiles/cmTC_271b3.dir/build.make CMakeFiles/cmTC_271b3.dir/build
gmake[1]: /home/yang/VM_connection/workspace/B4a/build/CMakeFiles/CMakeTmp
Building C object CMakeFiles/cmTC_271b3.dir/CheckFunctionExists.c.o
/home/yang/anaconda3/envs/g4/bin/x86_64-conda-linux-gnu-cc   -march=nocona -mtune=haswell -ftree-vectorize -fPIC -fstack-protector-strong -fno-plt -O2 -ffunction-sections -pipe -isystem /home/yang/anaconda3/envs/g4/include -DCHECK_FUNCTION_EXISTS=XOpenDisplay -o CMakeFiles/cmTC_271b3.dir/CheckFunctionExists.c.o -c /usr/share/cmake-3.22/Modules/CheckFunctionExists.c
Linking C executable cmTC_271b3
/usr/bin/cmake -E cmake_link_script CMakeFiles/cmTC_271b3.dir/link.txt --verbose=1
/home/yang/anaconda3/envs/g4/bin/x86_64-conda-linux-gnu-cc -march=nocona -mtune=haswell -ftree-vectorize -fPIC -fstack-protector-strong -fno-plt -O2 -ffunction-sections -pipe -isystem /home/yang/anaconda3/envs/g4/include -DCHECK_FUNCTION_EXISTS=XOpenDisplay -Wl,-O2 -Wl,--sort-common -Wl,--as-needed -Wl,-z,relro -Wl,-z,now -Wl,--disable-new-dtags -Wl,--gc-sections -Wl,--allow-shlib-undefined -Wl,-rpath,/home/yang/anaconda3/envs/g4/lib -Wl,-rpath-link,/home/yang/anaconda3/envs/g4/lib -L/home/yang/anaconda3/envs/g4/lib  CMakeFiles/cmTC_271b3.dir/CheckFunctionExists.c.o -o cmTC_271b3  /home/yang/anaconda3/envs/g4/lib/libX11.so /home/yang/anaconda3/envs/g4/lib/libXext.so 
gmake[1]: /home/yang/VM_connection/workspace/B4a/build/CMakeFiles/CMakeTmp



Determining if the function gethostbyname exists passed with the following output:
Change Dir: /home/yang/VM_connection/workspace/B4a/build/CMakeFiles/CMakeTmp

Run Build Command(s):/usr/bin/gmake -f Makefile cmTC_03151/fast && /usr/bin/gmake  -f CMakeFiles/cmTC_03151.dir/build.make CMakeFiles/cmTC_03151.dir/build
gmake[1]: /home/yang/VM_connection/workspace/B4a/build/CMakeFiles/CMakeTmp
Building C object CMakeFiles/cmTC_03151.dir/CheckFunctionExists.c.o
/home/yang/anaconda3/envs/g4/bin/x86_64-conda-linux-gnu-cc   -march=nocona -mtune=haswell -ftree-vectorize -fPIC -fstack-protector-strong -fno-plt -O2 -ffunction-sections -pipe -isystem /home/yang/anaconda3/envs/g4/include -DCHECK_FUNCTION_EXISTS=gethostbyname -o CMakeFiles/cmTC_03151.dir/CheckFunctionExists.c.o -c /usr/share/cmake-3.22/Modules/CheckFunctionExists.c
Linking C executable cmTC_03151
/usr/bin/cmake -E cmake_link_script CMakeFiles/cmTC_03151.dir/link.txt --verbose=1
/home/yang/anaconda3/envs/g4/bin/x86_64-conda-linux-gnu-cc -march=nocona -mtune=haswell -ftree-vectorize -fPIC -fstack-protector-strong -fno-plt -O2 -ffunction-sections -pipe -isystem /home/yang/anaconda3/envs/g4/include -DCHECK_FUNCTION_EXISTS=gethostbyname -Wl,-O2 -Wl,--sort-common -Wl,--as-needed -Wl,-z,relro -Wl,-z,now -Wl,--disable-new-dtags -Wl,--gc-sections -Wl,--allow-shlib-undefined -Wl,-rpath,/home/yang/anaconda3/envs/g4/lib -Wl,-rpath-link,/home/yang/anaconda3/envs/g4/lib -L/home/yang/anaconda3/envs/g4/lib  CMakeFiles/cmTC_03151.dir/CheckFunctionExists.c.o -o cmTC_03151 
gmake[1]: /home/yang/VM_connection/workspace/B4a/build/CMakeFiles/CMakeTmp



Determining if the function connect exists passed with the following output:
Change Dir: /home/yang/VM_connection/workspace/B4a/build/CMakeFiles/CMakeTmp

Run Build Command(s):/usr/bin/gmake -f Makefile cmTC_0987e/fast && /usr/bin/gmake  -f CMakeFiles/cmTC_0987e.dir/build.make CMakeFiles/cmTC_0987e.dir/build
gmake[1]: /home/yang/VM_connection/workspace/B4a/build/CMakeFiles/CMakeTmp
Building C object CMakeFiles/cmTC_0987e.dir/CheckFunctionExists.c.o
/home/yang/anaconda3/envs/g4/bin/x86_64-conda-linux-gnu-cc   -march=nocona -mtune=haswell -ftree-vectorize -fPIC -fstack-protector-strong -fno-plt -O2 -ffunction-sections -pipe -isystem /home/yang/anaconda3/envs/g4/include -DCHECK_FUNCTION_EXISTS=connect -o CMakeFiles/cmTC_0987e.dir/CheckFunctionExists.c.o -c /usr/share/cmake-3.22/Modules/CheckFunctionExists.c
Linking C executable cmTC_0987e
/usr/bin/cmake -E cmake_link_script CMakeFiles/cmTC_0987e.dir/link.txt --verbose=1
/home/yang/anaconda3/envs/g4/bin/x86_64-conda-linux-gnu-cc -march=nocona -mtune=haswell -ftree-vectorize -fPIC -fstack-protector-strong -fno-plt -O2 -ffunction-sections -pipe -isystem /home/yang/anaconda3/envs/g4/include -DCHECK_FUNCTION_EXISTS=connect -Wl,-O2 -Wl,--sort-common -Wl,--as-needed -Wl,-z,relro -Wl,-z,now -Wl,--disable-new-dtags -Wl,--gc-sections -Wl,--allow-shlib-undefined -Wl,-rpath,/home/yang/anaconda3/envs/g4/lib -Wl,-rpath-link,/home/yang/anaconda3/envs/g4/lib -L/home/yang/anaconda3/envs/g4/lib  CMakeFiles/cmTC_0987e.dir/CheckFunctionExists.c.o -o cmTC_0987e 
gmake[1]: /home/yang/VM_connection/workspace/B4a/build/CMakeFiles/CMakeTmp



Determining if the function remove exists passed with the following output:
Change Dir: /home/yang/VM_connection/workspace/B4a/build/CMakeFiles/CMakeTmp

Run Build Command(s):/usr/bin/gmake -f Makefile cmTC_880c9/fast && /usr/bin/gmake  -f CMakeFiles/cmTC_880c9.dir/build.make CMakeFiles/cmTC_880c9.dir/build
gmake[1]: /home/yang/VM_connection/workspace/B4a/build/CMakeFiles/CMakeTmp
Building C object CMakeFiles/cmTC_880c9.dir/CheckFunctionExists.c.o
/home/yang/anaconda3/envs/g4/bin/x86_64-conda-linux-gnu-cc   -march=nocona -mtune=haswell -ftree-vectorize -fPIC -fstack-protector-strong -fno-plt -O2 -ffunction-sections -pipe -isystem /home/yang/anaconda3/envs/g4/include -DCHECK_FUNCTION_EXISTS=remove -o CMakeFiles/cmTC_880c9.dir/CheckFunctionExists.c.o -c /usr/share/cmake-3.22/Modules/CheckFunctionExists.c
Linking C executable cmTC_880c9
/usr/bin/cmake -E cmake_link_script CMakeFiles/cmTC_880c9.dir/link.txt --verbose=1
/home/yang/anaconda3/envs/g4/bin/x86_64-conda-linux-gnu-cc -march=nocona -mtune=haswell -ftree-vectorize -fPIC -fstack-protector-strong -fno-plt -O2 -ffunction-sections -pipe -isystem /home/yang/anaconda3/envs/g4/include -DCHECK_FUNCTION_EXISTS=remove -Wl,-O2 -Wl,--sort-common -Wl,--as-needed -Wl,-z,relro -Wl,-z,now -Wl,--disable-new-dtags -Wl,--gc-sections -Wl,--allow-shlib-undefined -Wl,-rpath,/home/yang/anaconda3/envs/g4/lib -Wl,-rpath-link,/home/yang/anaconda3/envs/g4/lib -L/home/yang/anaconda3/envs/g4/lib  CMakeFiles/cmTC_880c9.dir/CheckFunctionExists.c.o -o cmTC_880c9 
gmake[1]: /home/yang/VM_connection/workspace/B4a/build/CMakeFiles/CMakeTmp



Determining if the function shmat exists passed with the following output:
Change Dir: /home/yang/VM_connection/workspace/B4a/build/CMakeFiles/CMakeTmp

Run Build Command(s):/usr/bin/gmake -f Makefile cmTC_3ce71/fast && /usr/bin/gmake  -f CMakeFiles/cmTC_3ce71.dir/build.make CMakeFiles/cmTC_3ce71.dir/build
gmake[1]: /home/yang/VM_connection/workspace/B4a/build/CMakeFiles/CMakeTmp
Building C object CMakeFiles/cmTC_3ce71.dir/CheckFunctionExists.c.o
/home/yang/anaconda3/envs/g4/bin/x86_64-conda-linux-gnu-cc   -march=nocona -mtune=haswell -ftree-vectorize -fPIC -fstack-protector-strong -fno-plt -O2 -ffunction-sections -pipe -isystem /home/yang/anaconda3/envs/g4/include -DCHECK_FUNCTION_EXISTS=shmat -o CMakeFiles/cmTC_3ce71.dir/CheckFunctionExists.c.o -c /usr/share/cmake-3.22/Modules/CheckFunctionExists.c
Linking C executable cmTC_3ce71
/usr/bin/cmake -E cmake_link_script CMakeFiles/cmTC_3ce71.dir/link.txt --verbose=1
/home/yang/anaconda3/envs/g4/bin/x86_64-conda-linux-gnu-cc -march=nocona -mtune=haswell -ftree-vectorize -fPIC -fstack-protector-strong -fno-plt -O2 -ffunction-sections -pipe -isystem /home/yang/anaconda3/envs/g4/include -DCHECK_FUNCTION_EXISTS=shmat -Wl,-O2 -Wl,--sort-common -Wl,--as-needed -Wl,-z,relro -Wl,-z,now -Wl,--disable-new-dtags -Wl,--gc-sections -Wl,--allow-shlib-undefined -Wl,-rpath,/home/yang/anaconda3/envs/g4/lib -Wl,-rpath-link,/home/yang/anaconda3/envs/g4/lib -L/home/yang/anaconda3/envs/g4/lib  CMakeFiles/cmTC_3ce71.dir/CheckFunctionExists.c.o -o cmTC_3ce71 
gmake[1]: /home/yang/VM_connection/workspace/B4a/build/CMakeFiles/CMakeTmp



Determining if the function IceConnectionNumber exists in the ICE passed with the following output:
Change Dir: /home/yang/VM_connection/workspace/B4a/build/CMakeFiles/CMakeTmp

Run Build Command(s):/usr/bin/gmake -f Makefile cmTC_00841/fast && /usr/bin/gmake  -f CMakeFiles/cmTC_00841.dir/build.make CMakeFiles/cmTC_00841.dir/build
gmake[1]: /home/yang/VM_connection/workspace/B4a/build/CMakeFiles/CMakeTmp
Building C object CMakeFiles/cmTC_00841.dir/CheckFunctionExists.c.o
/home/yang/anaconda3/envs/g4/bin/x86_64-conda-linux-gnu-cc   -march=nocona -mtune=haswell -ftree-vectorize -fPIC -fstack-protector-strong -fno-plt -O2 -ffunction-sections -pipe -isystem /home/yang/anaconda3/envs/g4/include -DCHECK_FUNCTION_EXISTS=IceConnectionNumber -o CMakeFiles/cmTC_00841.dir/CheckFunctionExists.c.o -c /usr/share/cmake-3.22/Modules/CheckFunctionExists.c
Linking C executable cmTC_00841
/usr/bin/cmake -E cmake_link_script CMakeFiles/cmTC_00841.dir/link.txt --verbose=1
/home/yang/anaconda3/envs/g4/bin/x86_64-conda-linux-gnu-cc -march=nocona -mtune=haswell -ftree-vectorize -fPIC -fstack-protector-strong -fno-plt -O2 -ffunction-sections -pipe -isystem /home/yang/anaconda3/envs/g4/include -DCHECK_FUNCTION_EXISTS=IceConnectionNumber -Wl,-O2 -Wl,--sort-common -Wl,--as-needed -Wl,-z,relro -Wl,-z,now -Wl,--disable-new-dtags -Wl,--gc-sections -Wl,--allow-shlib-undefined -Wl,-rpath,/home/yang/anaconda3/envs/g4/lib -Wl,-rpath-link,/home/yang/anaconda3/envs/g4/lib -L/home/yang/anaconda3/envs/g4/lib  CMakeFiles/cmTC_00841.dir/CheckFunctionExists.c.o -o cmTC_00841  -lICE 
gmake[1]: /home/yang/VM_connection/workspace/B4a/build/CMakeFiles/CMakeTmp



